ARM GAS  /tmp/cc7RSqfy.s 			page 1


   1              		.cpu cortex-m7
   2              		.arch armv7e-m
   3              		.fpu fpv5-d16
   4              		.eabi_attribute 28, 1
   5              		.eabi_attribute 20, 1
   6              		.eabi_attribute 21, 1
   7              		.eabi_attribute 23, 3
   8              		.eabi_attribute 24, 1
   9              		.eabi_attribute 25, 1
  10              		.eabi_attribute 26, 1
  11              		.eabi_attribute 30, 1
  12              		.eabi_attribute 34, 1
  13              		.eabi_attribute 18, 4
  14              		.file	"stm32h7xx_hal_msp.c"
  15              		.text
  16              	.Ltext0:
  17              		.cfi_sections	.debug_frame
  18              		.file 1 "Core/Src/stm32h7xx_hal_msp.c"
  19              		.section	.text.HAL_MspInit,"ax",%progbits
  20              		.align	1
  21              		.global	HAL_MspInit
  22              		.syntax unified
  23              		.thumb
  24              		.thumb_func
  26              	HAL_MspInit:
  27              	.LFB340:
   1:Core/Src/stm32h7xx_hal_msp.c **** /* USER CODE BEGIN Header */
   2:Core/Src/stm32h7xx_hal_msp.c **** /**
   3:Core/Src/stm32h7xx_hal_msp.c ****   ******************************************************************************
   4:Core/Src/stm32h7xx_hal_msp.c ****   * @file         stm32h7xx_hal_msp.c
   5:Core/Src/stm32h7xx_hal_msp.c ****   * @brief        This file provides code for the MSP Initialization
   6:Core/Src/stm32h7xx_hal_msp.c ****   *               and de-Initialization codes.
   7:Core/Src/stm32h7xx_hal_msp.c ****   ******************************************************************************
   8:Core/Src/stm32h7xx_hal_msp.c ****   * @attention
   9:Core/Src/stm32h7xx_hal_msp.c ****   *
  10:Core/Src/stm32h7xx_hal_msp.c ****   * Copyright (c) 2026 STMicroelectronics.
  11:Core/Src/stm32h7xx_hal_msp.c ****   * All rights reserved.
  12:Core/Src/stm32h7xx_hal_msp.c ****   *
  13:Core/Src/stm32h7xx_hal_msp.c ****   * This software is licensed under terms that can be found in the LICENSE file
  14:Core/Src/stm32h7xx_hal_msp.c ****   * in the root directory of this software component.
  15:Core/Src/stm32h7xx_hal_msp.c ****   * If no LICENSE file comes with this software, it is provided AS-IS.
  16:Core/Src/stm32h7xx_hal_msp.c ****   *
  17:Core/Src/stm32h7xx_hal_msp.c ****   ******************************************************************************
  18:Core/Src/stm32h7xx_hal_msp.c ****   */
  19:Core/Src/stm32h7xx_hal_msp.c **** /* USER CODE END Header */
  20:Core/Src/stm32h7xx_hal_msp.c **** /* Includes ------------------------------------------------------------------*/
  21:Core/Src/stm32h7xx_hal_msp.c **** #include "main.h"
  22:Core/Src/stm32h7xx_hal_msp.c **** /* USER CODE BEGIN Includes */
  23:Core/Src/stm32h7xx_hal_msp.c **** 
  24:Core/Src/stm32h7xx_hal_msp.c **** /* USER CODE END Includes */
  25:Core/Src/stm32h7xx_hal_msp.c **** 
  26:Core/Src/stm32h7xx_hal_msp.c **** /* Private typedef -----------------------------------------------------------*/
  27:Core/Src/stm32h7xx_hal_msp.c **** /* USER CODE BEGIN TD */
  28:Core/Src/stm32h7xx_hal_msp.c **** 
  29:Core/Src/stm32h7xx_hal_msp.c **** /* USER CODE END TD */
  30:Core/Src/stm32h7xx_hal_msp.c **** 
  31:Core/Src/stm32h7xx_hal_msp.c **** /* Private define ------------------------------------------------------------*/
ARM GAS  /tmp/cc7RSqfy.s 			page 2


  32:Core/Src/stm32h7xx_hal_msp.c **** /* USER CODE BEGIN Define */
  33:Core/Src/stm32h7xx_hal_msp.c **** 
  34:Core/Src/stm32h7xx_hal_msp.c **** /* USER CODE END Define */
  35:Core/Src/stm32h7xx_hal_msp.c **** 
  36:Core/Src/stm32h7xx_hal_msp.c **** /* Private macro -------------------------------------------------------------*/
  37:Core/Src/stm32h7xx_hal_msp.c **** /* USER CODE BEGIN Macro */
  38:Core/Src/stm32h7xx_hal_msp.c **** 
  39:Core/Src/stm32h7xx_hal_msp.c **** /* USER CODE END Macro */
  40:Core/Src/stm32h7xx_hal_msp.c **** 
  41:Core/Src/stm32h7xx_hal_msp.c **** /* Private variables ---------------------------------------------------------*/
  42:Core/Src/stm32h7xx_hal_msp.c **** /* USER CODE BEGIN PV */
  43:Core/Src/stm32h7xx_hal_msp.c **** 
  44:Core/Src/stm32h7xx_hal_msp.c **** /* USER CODE END PV */
  45:Core/Src/stm32h7xx_hal_msp.c **** 
  46:Core/Src/stm32h7xx_hal_msp.c **** /* Private function prototypes -----------------------------------------------*/
  47:Core/Src/stm32h7xx_hal_msp.c **** /* USER CODE BEGIN PFP */
  48:Core/Src/stm32h7xx_hal_msp.c **** 
  49:Core/Src/stm32h7xx_hal_msp.c **** /* USER CODE END PFP */
  50:Core/Src/stm32h7xx_hal_msp.c **** 
  51:Core/Src/stm32h7xx_hal_msp.c **** /* External functions --------------------------------------------------------*/
  52:Core/Src/stm32h7xx_hal_msp.c **** /* USER CODE BEGIN ExternalFunctions */
  53:Core/Src/stm32h7xx_hal_msp.c **** 
  54:Core/Src/stm32h7xx_hal_msp.c **** /* USER CODE END ExternalFunctions */
  55:Core/Src/stm32h7xx_hal_msp.c **** 
  56:Core/Src/stm32h7xx_hal_msp.c **** /* USER CODE BEGIN 0 */
  57:Core/Src/stm32h7xx_hal_msp.c **** 
  58:Core/Src/stm32h7xx_hal_msp.c **** /* USER CODE END 0 */
  59:Core/Src/stm32h7xx_hal_msp.c **** /**
  60:Core/Src/stm32h7xx_hal_msp.c ****   * Initializes the Global MSP.
  61:Core/Src/stm32h7xx_hal_msp.c ****   */
  62:Core/Src/stm32h7xx_hal_msp.c **** void HAL_MspInit(void)
  63:Core/Src/stm32h7xx_hal_msp.c **** {
  28              		.loc 1 63 1 view -0
  29              		.cfi_startproc
  30              		@ args = 0, pretend = 0, frame = 8
  31              		@ frame_needed = 0, uses_anonymous_args = 0
  32              		@ link register save eliminated.
  33 0000 82B0     		sub	sp, sp, #8
  34              	.LCFI0:
  35              		.cfi_def_cfa_offset 8
  64:Core/Src/stm32h7xx_hal_msp.c **** 
  65:Core/Src/stm32h7xx_hal_msp.c ****   /* USER CODE BEGIN MspInit 0 */
  66:Core/Src/stm32h7xx_hal_msp.c **** 
  67:Core/Src/stm32h7xx_hal_msp.c ****   /* USER CODE END MspInit 0 */
  68:Core/Src/stm32h7xx_hal_msp.c **** 
  69:Core/Src/stm32h7xx_hal_msp.c ****   __HAL_RCC_SYSCFG_CLK_ENABLE();
  36              		.loc 1 69 3 view .LVU1
  37              	.LBB2:
  38              		.loc 1 69 3 view .LVU2
  39              		.loc 1 69 3 view .LVU3
  40 0002 074B     		ldr	r3, .L3
  41 0004 D3F8F420 		ldr	r2, [r3, #244]
  42 0008 42F00202 		orr	r2, r2, #2
  43 000c C3F8F420 		str	r2, [r3, #244]
  44              		.loc 1 69 3 view .LVU4
  45 0010 D3F8F430 		ldr	r3, [r3, #244]
  46 0014 03F00203 		and	r3, r3, #2
ARM GAS  /tmp/cc7RSqfy.s 			page 3


  47 0018 0193     		str	r3, [sp, #4]
  48              		.loc 1 69 3 view .LVU5
  49 001a 019B     		ldr	r3, [sp, #4]
  50              	.LBE2:
  51              		.loc 1 69 3 view .LVU6
  70:Core/Src/stm32h7xx_hal_msp.c **** 
  71:Core/Src/stm32h7xx_hal_msp.c ****   /* System interrupt init*/
  72:Core/Src/stm32h7xx_hal_msp.c **** 
  73:Core/Src/stm32h7xx_hal_msp.c ****   /* USER CODE BEGIN MspInit 1 */
  74:Core/Src/stm32h7xx_hal_msp.c **** 
  75:Core/Src/stm32h7xx_hal_msp.c ****   /* USER CODE END MspInit 1 */
  76:Core/Src/stm32h7xx_hal_msp.c **** }
  52              		.loc 1 76 1 is_stmt 0 view .LVU7
  53 001c 02B0     		add	sp, sp, #8
  54              	.LCFI1:
  55              		.cfi_def_cfa_offset 0
  56              		@ sp needed
  57 001e 7047     		bx	lr
  58              	.L4:
  59              		.align	2
  60              	.L3:
  61 0020 00440258 		.word	1476543488
  62              		.cfi_endproc
  63              	.LFE340:
  65              		.section	.text.HAL_ADC_MspInit,"ax",%progbits
  66              		.align	1
  67              		.global	HAL_ADC_MspInit
  68              		.syntax unified
  69              		.thumb
  70              		.thumb_func
  72              	HAL_ADC_MspInit:
  73              	.LVL0:
  74              	.LFB341:
  77:Core/Src/stm32h7xx_hal_msp.c **** 
  78:Core/Src/stm32h7xx_hal_msp.c **** /**
  79:Core/Src/stm32h7xx_hal_msp.c ****   * @brief ADC MSP Initialization
  80:Core/Src/stm32h7xx_hal_msp.c ****   * This function configures the hardware resources used in this example
  81:Core/Src/stm32h7xx_hal_msp.c ****   * @param hadc: ADC handle pointer
  82:Core/Src/stm32h7xx_hal_msp.c ****   * @retval None
  83:Core/Src/stm32h7xx_hal_msp.c ****   */
  84:Core/Src/stm32h7xx_hal_msp.c **** void HAL_ADC_MspInit(ADC_HandleTypeDef* hadc)
  85:Core/Src/stm32h7xx_hal_msp.c **** {
  75              		.loc 1 85 1 is_stmt 1 view -0
  76              		.cfi_startproc
  77              		@ args = 0, pretend = 0, frame = 232
  78              		@ frame_needed = 0, uses_anonymous_args = 0
  79              		.loc 1 85 1 is_stmt 0 view .LVU9
  80 0000 70B5     		push	{r4, r5, r6, lr}
  81              	.LCFI2:
  82              		.cfi_def_cfa_offset 16
  83              		.cfi_offset 4, -16
  84              		.cfi_offset 5, -12
  85              		.cfi_offset 6, -8
  86              		.cfi_offset 14, -4
  87 0002 BAB0     		sub	sp, sp, #232
  88              	.LCFI3:
  89              		.cfi_def_cfa_offset 248
ARM GAS  /tmp/cc7RSqfy.s 			page 4


  90 0004 0446     		mov	r4, r0
  86:Core/Src/stm32h7xx_hal_msp.c ****   GPIO_InitTypeDef GPIO_InitStruct = {0};
  91              		.loc 1 86 3 is_stmt 1 view .LVU10
  92              		.loc 1 86 20 is_stmt 0 view .LVU11
  93 0006 0021     		movs	r1, #0
  94 0008 3591     		str	r1, [sp, #212]
  95 000a 3691     		str	r1, [sp, #216]
  96 000c 3791     		str	r1, [sp, #220]
  97 000e 3891     		str	r1, [sp, #224]
  98 0010 3991     		str	r1, [sp, #228]
  87:Core/Src/stm32h7xx_hal_msp.c ****   RCC_PeriphCLKInitTypeDef PeriphClkInitStruct = {0};
  99              		.loc 1 87 3 is_stmt 1 view .LVU12
 100              		.loc 1 87 28 is_stmt 0 view .LVU13
 101 0012 C022     		movs	r2, #192
 102 0014 04A8     		add	r0, sp, #16
 103              	.LVL1:
 104              		.loc 1 87 28 view .LVU14
 105 0016 FFF7FEFF 		bl	memset
 106              	.LVL2:
  88:Core/Src/stm32h7xx_hal_msp.c ****   if(hadc->Instance==ADC1)
 107              		.loc 1 88 3 is_stmt 1 view .LVU15
 108              		.loc 1 88 10 is_stmt 0 view .LVU16
 109 001a 2268     		ldr	r2, [r4]
 110              		.loc 1 88 5 view .LVU17
 111 001c 2B4B     		ldr	r3, .L11
 112 001e 9A42     		cmp	r2, r3
 113 0020 01D0     		beq	.L9
 114              	.LVL3:
 115              	.L5:
  89:Core/Src/stm32h7xx_hal_msp.c ****   {
  90:Core/Src/stm32h7xx_hal_msp.c ****     /* USER CODE BEGIN ADC1_MspInit 0 */
  91:Core/Src/stm32h7xx_hal_msp.c **** 
  92:Core/Src/stm32h7xx_hal_msp.c ****     /* USER CODE END ADC1_MspInit 0 */
  93:Core/Src/stm32h7xx_hal_msp.c **** 
  94:Core/Src/stm32h7xx_hal_msp.c ****   /** Initializes the peripherals clock
  95:Core/Src/stm32h7xx_hal_msp.c ****   */
  96:Core/Src/stm32h7xx_hal_msp.c ****     PeriphClkInitStruct.PeriphClockSelection = RCC_PERIPHCLK_ADC;
  97:Core/Src/stm32h7xx_hal_msp.c ****     PeriphClkInitStruct.PLL2.PLL2M = 4;
  98:Core/Src/stm32h7xx_hal_msp.c ****     PeriphClkInitStruct.PLL2.PLL2N = 10;
  99:Core/Src/stm32h7xx_hal_msp.c ****     PeriphClkInitStruct.PLL2.PLL2P = 2;
 100:Core/Src/stm32h7xx_hal_msp.c ****     PeriphClkInitStruct.PLL2.PLL2Q = 2;
 101:Core/Src/stm32h7xx_hal_msp.c ****     PeriphClkInitStruct.PLL2.PLL2R = 2;
 102:Core/Src/stm32h7xx_hal_msp.c ****     PeriphClkInitStruct.PLL2.PLL2RGE = RCC_PLL2VCIRANGE_3;
 103:Core/Src/stm32h7xx_hal_msp.c ****     PeriphClkInitStruct.PLL2.PLL2VCOSEL = RCC_PLL2VCOMEDIUM;
 104:Core/Src/stm32h7xx_hal_msp.c ****     PeriphClkInitStruct.PLL2.PLL2FRACN = 0.0;
 105:Core/Src/stm32h7xx_hal_msp.c ****     PeriphClkInitStruct.AdcClockSelection = RCC_ADCCLKSOURCE_PLL2;
 106:Core/Src/stm32h7xx_hal_msp.c ****     if (HAL_RCCEx_PeriphCLKConfig(&PeriphClkInitStruct) != HAL_OK)
 107:Core/Src/stm32h7xx_hal_msp.c ****     {
 108:Core/Src/stm32h7xx_hal_msp.c ****       Error_Handler();
 109:Core/Src/stm32h7xx_hal_msp.c ****     }
 110:Core/Src/stm32h7xx_hal_msp.c **** 
 111:Core/Src/stm32h7xx_hal_msp.c ****     /* Peripheral clock enable */
 112:Core/Src/stm32h7xx_hal_msp.c ****     __HAL_RCC_ADC12_CLK_ENABLE();
 113:Core/Src/stm32h7xx_hal_msp.c **** 
 114:Core/Src/stm32h7xx_hal_msp.c ****     __HAL_RCC_GPIOA_CLK_ENABLE();
 115:Core/Src/stm32h7xx_hal_msp.c ****     __HAL_RCC_GPIOF_CLK_ENABLE();
 116:Core/Src/stm32h7xx_hal_msp.c ****     /**ADC1 GPIO Configuration
ARM GAS  /tmp/cc7RSqfy.s 			page 5


 117:Core/Src/stm32h7xx_hal_msp.c ****     PA6     ------> ADC1_INP3
 118:Core/Src/stm32h7xx_hal_msp.c ****     PF11     ------> ADC1_INP2
 119:Core/Src/stm32h7xx_hal_msp.c ****     */
 120:Core/Src/stm32h7xx_hal_msp.c ****     GPIO_InitStruct.Pin = GPIO_PIN_6;
 121:Core/Src/stm32h7xx_hal_msp.c ****     GPIO_InitStruct.Mode = GPIO_MODE_ANALOG;
 122:Core/Src/stm32h7xx_hal_msp.c ****     GPIO_InitStruct.Pull = GPIO_NOPULL;
 123:Core/Src/stm32h7xx_hal_msp.c ****     HAL_GPIO_Init(GPIOA, &GPIO_InitStruct);
 124:Core/Src/stm32h7xx_hal_msp.c **** 
 125:Core/Src/stm32h7xx_hal_msp.c ****     GPIO_InitStruct.Pin = GPIO_PIN_11;
 126:Core/Src/stm32h7xx_hal_msp.c ****     GPIO_InitStruct.Mode = GPIO_MODE_ANALOG;
 127:Core/Src/stm32h7xx_hal_msp.c ****     GPIO_InitStruct.Pull = GPIO_NOPULL;
 128:Core/Src/stm32h7xx_hal_msp.c ****     HAL_GPIO_Init(GPIOF, &GPIO_InitStruct);
 129:Core/Src/stm32h7xx_hal_msp.c **** 
 130:Core/Src/stm32h7xx_hal_msp.c ****     /* USER CODE BEGIN ADC1_MspInit 1 */
 131:Core/Src/stm32h7xx_hal_msp.c **** 
 132:Core/Src/stm32h7xx_hal_msp.c ****     /* USER CODE END ADC1_MspInit 1 */
 133:Core/Src/stm32h7xx_hal_msp.c **** 
 134:Core/Src/stm32h7xx_hal_msp.c ****   }
 135:Core/Src/stm32h7xx_hal_msp.c **** 
 136:Core/Src/stm32h7xx_hal_msp.c **** }
 116              		.loc 1 136 1 view .LVU18
 117 0022 3AB0     		add	sp, sp, #232
 118              	.LCFI4:
 119              		.cfi_remember_state
 120              		.cfi_def_cfa_offset 16
 121              		@ sp needed
 122 0024 70BD     		pop	{r4, r5, r6, pc}
 123              	.LVL4:
 124              	.L9:
 125              	.LCFI5:
 126              		.cfi_restore_state
  96:Core/Src/stm32h7xx_hal_msp.c ****     PeriphClkInitStruct.PLL2.PLL2M = 4;
 127              		.loc 1 96 5 is_stmt 1 view .LVU19
  96:Core/Src/stm32h7xx_hal_msp.c ****     PeriphClkInitStruct.PLL2.PLL2M = 4;
 128              		.loc 1 96 46 is_stmt 0 view .LVU20
 129 0026 4FF40022 		mov	r2, #524288
 130 002a 0023     		movs	r3, #0
 131 002c CDE90423 		strd	r2, [sp, #16]
  97:Core/Src/stm32h7xx_hal_msp.c ****     PeriphClkInitStruct.PLL2.PLL2N = 10;
 132              		.loc 1 97 5 is_stmt 1 view .LVU21
  97:Core/Src/stm32h7xx_hal_msp.c ****     PeriphClkInitStruct.PLL2.PLL2N = 10;
 133              		.loc 1 97 36 is_stmt 0 view .LVU22
 134 0030 0423     		movs	r3, #4
 135 0032 0693     		str	r3, [sp, #24]
  98:Core/Src/stm32h7xx_hal_msp.c ****     PeriphClkInitStruct.PLL2.PLL2P = 2;
 136              		.loc 1 98 5 is_stmt 1 view .LVU23
  98:Core/Src/stm32h7xx_hal_msp.c ****     PeriphClkInitStruct.PLL2.PLL2P = 2;
 137              		.loc 1 98 36 is_stmt 0 view .LVU24
 138 0034 0A23     		movs	r3, #10
 139 0036 0793     		str	r3, [sp, #28]
  99:Core/Src/stm32h7xx_hal_msp.c ****     PeriphClkInitStruct.PLL2.PLL2Q = 2;
 140              		.loc 1 99 5 is_stmt 1 view .LVU25
  99:Core/Src/stm32h7xx_hal_msp.c ****     PeriphClkInitStruct.PLL2.PLL2Q = 2;
 141              		.loc 1 99 36 is_stmt 0 view .LVU26
 142 0038 0223     		movs	r3, #2
 143 003a 0893     		str	r3, [sp, #32]
 100:Core/Src/stm32h7xx_hal_msp.c ****     PeriphClkInitStruct.PLL2.PLL2R = 2;
ARM GAS  /tmp/cc7RSqfy.s 			page 6


 144              		.loc 1 100 5 is_stmt 1 view .LVU27
 100:Core/Src/stm32h7xx_hal_msp.c ****     PeriphClkInitStruct.PLL2.PLL2R = 2;
 145              		.loc 1 100 36 is_stmt 0 view .LVU28
 146 003c 0993     		str	r3, [sp, #36]
 101:Core/Src/stm32h7xx_hal_msp.c ****     PeriphClkInitStruct.PLL2.PLL2RGE = RCC_PLL2VCIRANGE_3;
 147              		.loc 1 101 5 is_stmt 1 view .LVU29
 101:Core/Src/stm32h7xx_hal_msp.c ****     PeriphClkInitStruct.PLL2.PLL2RGE = RCC_PLL2VCIRANGE_3;
 148              		.loc 1 101 36 is_stmt 0 view .LVU30
 149 003e 0A93     		str	r3, [sp, #40]
 102:Core/Src/stm32h7xx_hal_msp.c ****     PeriphClkInitStruct.PLL2.PLL2VCOSEL = RCC_PLL2VCOMEDIUM;
 150              		.loc 1 102 5 is_stmt 1 view .LVU31
 102:Core/Src/stm32h7xx_hal_msp.c ****     PeriphClkInitStruct.PLL2.PLL2VCOSEL = RCC_PLL2VCOMEDIUM;
 151              		.loc 1 102 38 is_stmt 0 view .LVU32
 152 0040 C023     		movs	r3, #192
 153 0042 0B93     		str	r3, [sp, #44]
 103:Core/Src/stm32h7xx_hal_msp.c ****     PeriphClkInitStruct.PLL2.PLL2FRACN = 0.0;
 154              		.loc 1 103 5 is_stmt 1 view .LVU33
 103:Core/Src/stm32h7xx_hal_msp.c ****     PeriphClkInitStruct.PLL2.PLL2FRACN = 0.0;
 155              		.loc 1 103 41 is_stmt 0 view .LVU34
 156 0044 2023     		movs	r3, #32
 157 0046 0C93     		str	r3, [sp, #48]
 104:Core/Src/stm32h7xx_hal_msp.c ****     PeriphClkInitStruct.AdcClockSelection = RCC_ADCCLKSOURCE_PLL2;
 158              		.loc 1 104 5 is_stmt 1 view .LVU35
 105:Core/Src/stm32h7xx_hal_msp.c ****     if (HAL_RCCEx_PeriphCLKConfig(&PeriphClkInitStruct) != HAL_OK)
 159              		.loc 1 105 5 view .LVU36
 106:Core/Src/stm32h7xx_hal_msp.c ****     {
 160              		.loc 1 106 5 view .LVU37
 106:Core/Src/stm32h7xx_hal_msp.c ****     {
 161              		.loc 1 106 9 is_stmt 0 view .LVU38
 162 0048 04A8     		add	r0, sp, #16
 163 004a FFF7FEFF 		bl	HAL_RCCEx_PeriphCLKConfig
 164              	.LVL5:
 106:Core/Src/stm32h7xx_hal_msp.c ****     {
 165              		.loc 1 106 8 discriminator 1 view .LVU39
 166 004e 0028     		cmp	r0, #0
 167 0050 39D1     		bne	.L10
 168              	.L7:
 112:Core/Src/stm32h7xx_hal_msp.c **** 
 169              		.loc 1 112 5 is_stmt 1 view .LVU40
 170              	.LBB3:
 112:Core/Src/stm32h7xx_hal_msp.c **** 
 171              		.loc 1 112 5 view .LVU41
 112:Core/Src/stm32h7xx_hal_msp.c **** 
 172              		.loc 1 112 5 view .LVU42
 173 0052 1F4B     		ldr	r3, .L11+4
 174 0054 D3F8D820 		ldr	r2, [r3, #216]
 175 0058 42F02002 		orr	r2, r2, #32
 176 005c C3F8D820 		str	r2, [r3, #216]
 112:Core/Src/stm32h7xx_hal_msp.c **** 
 177              		.loc 1 112 5 view .LVU43
 178 0060 D3F8D820 		ldr	r2, [r3, #216]
 179 0064 02F02002 		and	r2, r2, #32
 180 0068 0192     		str	r2, [sp, #4]
 112:Core/Src/stm32h7xx_hal_msp.c **** 
 181              		.loc 1 112 5 view .LVU44
 182 006a 019A     		ldr	r2, [sp, #4]
 183              	.LBE3:
ARM GAS  /tmp/cc7RSqfy.s 			page 7


 112:Core/Src/stm32h7xx_hal_msp.c **** 
 184              		.loc 1 112 5 view .LVU45
 114:Core/Src/stm32h7xx_hal_msp.c ****     __HAL_RCC_GPIOF_CLK_ENABLE();
 185              		.loc 1 114 5 view .LVU46
 186              	.LBB4:
 114:Core/Src/stm32h7xx_hal_msp.c ****     __HAL_RCC_GPIOF_CLK_ENABLE();
 187              		.loc 1 114 5 view .LVU47
 114:Core/Src/stm32h7xx_hal_msp.c ****     __HAL_RCC_GPIOF_CLK_ENABLE();
 188              		.loc 1 114 5 view .LVU48
 189 006c D3F8E020 		ldr	r2, [r3, #224]
 190 0070 42F00102 		orr	r2, r2, #1
 191 0074 C3F8E020 		str	r2, [r3, #224]
 114:Core/Src/stm32h7xx_hal_msp.c ****     __HAL_RCC_GPIOF_CLK_ENABLE();
 192              		.loc 1 114 5 view .LVU49
 193 0078 D3F8E020 		ldr	r2, [r3, #224]
 194 007c 02F00102 		and	r2, r2, #1
 195 0080 0292     		str	r2, [sp, #8]
 114:Core/Src/stm32h7xx_hal_msp.c ****     __HAL_RCC_GPIOF_CLK_ENABLE();
 196              		.loc 1 114 5 view .LVU50
 197 0082 029A     		ldr	r2, [sp, #8]
 198              	.LBE4:
 114:Core/Src/stm32h7xx_hal_msp.c ****     __HAL_RCC_GPIOF_CLK_ENABLE();
 199              		.loc 1 114 5 view .LVU51
 115:Core/Src/stm32h7xx_hal_msp.c ****     /**ADC1 GPIO Configuration
 200              		.loc 1 115 5 view .LVU52
 201              	.LBB5:
 115:Core/Src/stm32h7xx_hal_msp.c ****     /**ADC1 GPIO Configuration
 202              		.loc 1 115 5 view .LVU53
 115:Core/Src/stm32h7xx_hal_msp.c ****     /**ADC1 GPIO Configuration
 203              		.loc 1 115 5 view .LVU54
 204 0084 D3F8E020 		ldr	r2, [r3, #224]
 205 0088 42F02002 		orr	r2, r2, #32
 206 008c C3F8E020 		str	r2, [r3, #224]
 115:Core/Src/stm32h7xx_hal_msp.c ****     /**ADC1 GPIO Configuration
 207              		.loc 1 115 5 view .LVU55
 208 0090 D3F8E030 		ldr	r3, [r3, #224]
 209 0094 03F02003 		and	r3, r3, #32
 210 0098 0393     		str	r3, [sp, #12]
 115:Core/Src/stm32h7xx_hal_msp.c ****     /**ADC1 GPIO Configuration
 211              		.loc 1 115 5 view .LVU56
 212 009a 039B     		ldr	r3, [sp, #12]
 213              	.LBE5:
 115:Core/Src/stm32h7xx_hal_msp.c ****     /**ADC1 GPIO Configuration
 214              		.loc 1 115 5 view .LVU57
 120:Core/Src/stm32h7xx_hal_msp.c ****     GPIO_InitStruct.Mode = GPIO_MODE_ANALOG;
 215              		.loc 1 120 5 view .LVU58
 120:Core/Src/stm32h7xx_hal_msp.c ****     GPIO_InitStruct.Mode = GPIO_MODE_ANALOG;
 216              		.loc 1 120 25 is_stmt 0 view .LVU59
 217 009c 4023     		movs	r3, #64
 218 009e 3593     		str	r3, [sp, #212]
 121:Core/Src/stm32h7xx_hal_msp.c ****     GPIO_InitStruct.Pull = GPIO_NOPULL;
 219              		.loc 1 121 5 is_stmt 1 view .LVU60
 121:Core/Src/stm32h7xx_hal_msp.c ****     GPIO_InitStruct.Pull = GPIO_NOPULL;
 220              		.loc 1 121 26 is_stmt 0 view .LVU61
 221 00a0 0326     		movs	r6, #3
 222 00a2 3696     		str	r6, [sp, #216]
 122:Core/Src/stm32h7xx_hal_msp.c ****     HAL_GPIO_Init(GPIOA, &GPIO_InitStruct);
ARM GAS  /tmp/cc7RSqfy.s 			page 8


 223              		.loc 1 122 5 is_stmt 1 view .LVU62
 122:Core/Src/stm32h7xx_hal_msp.c ****     HAL_GPIO_Init(GPIOA, &GPIO_InitStruct);
 224              		.loc 1 122 26 is_stmt 0 view .LVU63
 225 00a4 0025     		movs	r5, #0
 226 00a6 3795     		str	r5, [sp, #220]
 123:Core/Src/stm32h7xx_hal_msp.c **** 
 227              		.loc 1 123 5 is_stmt 1 view .LVU64
 228 00a8 35AC     		add	r4, sp, #212
 229              	.LVL6:
 123:Core/Src/stm32h7xx_hal_msp.c **** 
 230              		.loc 1 123 5 is_stmt 0 view .LVU65
 231 00aa 2146     		mov	r1, r4
 232 00ac 0948     		ldr	r0, .L11+8
 233 00ae FFF7FEFF 		bl	HAL_GPIO_Init
 234              	.LVL7:
 125:Core/Src/stm32h7xx_hal_msp.c ****     GPIO_InitStruct.Mode = GPIO_MODE_ANALOG;
 235              		.loc 1 125 5 is_stmt 1 view .LVU66
 125:Core/Src/stm32h7xx_hal_msp.c ****     GPIO_InitStruct.Mode = GPIO_MODE_ANALOG;
 236              		.loc 1 125 25 is_stmt 0 view .LVU67
 237 00b2 4FF40063 		mov	r3, #2048
 238 00b6 3593     		str	r3, [sp, #212]
 126:Core/Src/stm32h7xx_hal_msp.c ****     GPIO_InitStruct.Pull = GPIO_NOPULL;
 239              		.loc 1 126 5 is_stmt 1 view .LVU68
 126:Core/Src/stm32h7xx_hal_msp.c ****     GPIO_InitStruct.Pull = GPIO_NOPULL;
 240              		.loc 1 126 26 is_stmt 0 view .LVU69
 241 00b8 3696     		str	r6, [sp, #216]
 127:Core/Src/stm32h7xx_hal_msp.c ****     HAL_GPIO_Init(GPIOF, &GPIO_InitStruct);
 242              		.loc 1 127 5 is_stmt 1 view .LVU70
 127:Core/Src/stm32h7xx_hal_msp.c ****     HAL_GPIO_Init(GPIOF, &GPIO_InitStruct);
 243              		.loc 1 127 26 is_stmt 0 view .LVU71
 244 00ba 3795     		str	r5, [sp, #220]
 128:Core/Src/stm32h7xx_hal_msp.c **** 
 245              		.loc 1 128 5 is_stmt 1 view .LVU72
 246 00bc 2146     		mov	r1, r4
 247 00be 0648     		ldr	r0, .L11+12
 248 00c0 FFF7FEFF 		bl	HAL_GPIO_Init
 249              	.LVL8:
 250              		.loc 1 136 1 is_stmt 0 view .LVU73
 251 00c4 ADE7     		b	.L5
 252              	.LVL9:
 253              	.L10:
 108:Core/Src/stm32h7xx_hal_msp.c ****     }
 254              		.loc 1 108 7 is_stmt 1 view .LVU74
 255 00c6 FFF7FEFF 		bl	Error_Handler
 256              	.LVL10:
 257 00ca C2E7     		b	.L7
 258              	.L12:
 259              		.align	2
 260              	.L11:
 261 00cc 00200240 		.word	1073881088
 262 00d0 00440258 		.word	1476543488
 263 00d4 00000258 		.word	1476526080
 264 00d8 00140258 		.word	1476531200
 265              		.cfi_endproc
 266              	.LFE341:
 268              		.section	.text.HAL_ADC_MspDeInit,"ax",%progbits
 269              		.align	1
ARM GAS  /tmp/cc7RSqfy.s 			page 9


 270              		.global	HAL_ADC_MspDeInit
 271              		.syntax unified
 272              		.thumb
 273              		.thumb_func
 275              	HAL_ADC_MspDeInit:
 276              	.LVL11:
 277              	.LFB342:
 137:Core/Src/stm32h7xx_hal_msp.c **** 
 138:Core/Src/stm32h7xx_hal_msp.c **** /**
 139:Core/Src/stm32h7xx_hal_msp.c ****   * @brief ADC MSP De-Initialization
 140:Core/Src/stm32h7xx_hal_msp.c ****   * This function freeze the hardware resources used in this example
 141:Core/Src/stm32h7xx_hal_msp.c ****   * @param hadc: ADC handle pointer
 142:Core/Src/stm32h7xx_hal_msp.c ****   * @retval None
 143:Core/Src/stm32h7xx_hal_msp.c ****   */
 144:Core/Src/stm32h7xx_hal_msp.c **** void HAL_ADC_MspDeInit(ADC_HandleTypeDef* hadc)
 145:Core/Src/stm32h7xx_hal_msp.c **** {
 278              		.loc 1 145 1 view -0
 279              		.cfi_startproc
 280              		@ args = 0, pretend = 0, frame = 0
 281              		@ frame_needed = 0, uses_anonymous_args = 0
 282              		.loc 1 145 1 is_stmt 0 view .LVU76
 283 0000 08B5     		push	{r3, lr}
 284              	.LCFI6:
 285              		.cfi_def_cfa_offset 8
 286              		.cfi_offset 3, -8
 287              		.cfi_offset 14, -4
 146:Core/Src/stm32h7xx_hal_msp.c ****   if(hadc->Instance==ADC1)
 288              		.loc 1 146 3 is_stmt 1 view .LVU77
 289              		.loc 1 146 10 is_stmt 0 view .LVU78
 290 0002 0268     		ldr	r2, [r0]
 291              		.loc 1 146 5 view .LVU79
 292 0004 0A4B     		ldr	r3, .L17
 293 0006 9A42     		cmp	r2, r3
 294 0008 00D0     		beq	.L16
 295              	.LVL12:
 296              	.L13:
 147:Core/Src/stm32h7xx_hal_msp.c ****   {
 148:Core/Src/stm32h7xx_hal_msp.c ****     /* USER CODE BEGIN ADC1_MspDeInit 0 */
 149:Core/Src/stm32h7xx_hal_msp.c **** 
 150:Core/Src/stm32h7xx_hal_msp.c ****     /* USER CODE END ADC1_MspDeInit 0 */
 151:Core/Src/stm32h7xx_hal_msp.c ****     /* Peripheral clock disable */
 152:Core/Src/stm32h7xx_hal_msp.c ****     __HAL_RCC_ADC12_CLK_DISABLE();
 153:Core/Src/stm32h7xx_hal_msp.c **** 
 154:Core/Src/stm32h7xx_hal_msp.c ****     /**ADC1 GPIO Configuration
 155:Core/Src/stm32h7xx_hal_msp.c ****     PA6     ------> ADC1_INP3
 156:Core/Src/stm32h7xx_hal_msp.c ****     PF11     ------> ADC1_INP2
 157:Core/Src/stm32h7xx_hal_msp.c ****     */
 158:Core/Src/stm32h7xx_hal_msp.c ****     HAL_GPIO_DeInit(GPIOA, GPIO_PIN_6);
 159:Core/Src/stm32h7xx_hal_msp.c **** 
 160:Core/Src/stm32h7xx_hal_msp.c ****     HAL_GPIO_DeInit(GPIOF, GPIO_PIN_11);
 161:Core/Src/stm32h7xx_hal_msp.c **** 
 162:Core/Src/stm32h7xx_hal_msp.c ****     /* USER CODE BEGIN ADC1_MspDeInit 1 */
 163:Core/Src/stm32h7xx_hal_msp.c **** 
 164:Core/Src/stm32h7xx_hal_msp.c ****     /* USER CODE END ADC1_MspDeInit 1 */
 165:Core/Src/stm32h7xx_hal_msp.c ****   }
 166:Core/Src/stm32h7xx_hal_msp.c **** 
 167:Core/Src/stm32h7xx_hal_msp.c **** }
ARM GAS  /tmp/cc7RSqfy.s 			page 10


 297              		.loc 1 167 1 view .LVU80
 298 000a 08BD     		pop	{r3, pc}
 299              	.LVL13:
 300              	.L16:
 152:Core/Src/stm32h7xx_hal_msp.c **** 
 301              		.loc 1 152 5 is_stmt 1 view .LVU81
 302 000c 094A     		ldr	r2, .L17+4
 303 000e D2F8D830 		ldr	r3, [r2, #216]
 304 0012 23F02003 		bic	r3, r3, #32
 305 0016 C2F8D830 		str	r3, [r2, #216]
 158:Core/Src/stm32h7xx_hal_msp.c **** 
 306              		.loc 1 158 5 view .LVU82
 307 001a 4021     		movs	r1, #64
 308 001c 0648     		ldr	r0, .L17+8
 309              	.LVL14:
 158:Core/Src/stm32h7xx_hal_msp.c **** 
 310              		.loc 1 158 5 is_stmt 0 view .LVU83
 311 001e FFF7FEFF 		bl	HAL_GPIO_DeInit
 312              	.LVL15:
 160:Core/Src/stm32h7xx_hal_msp.c **** 
 313              		.loc 1 160 5 is_stmt 1 view .LVU84
 314 0022 4FF40061 		mov	r1, #2048
 315 0026 0548     		ldr	r0, .L17+12
 316 0028 FFF7FEFF 		bl	HAL_GPIO_DeInit
 317              	.LVL16:
 318              		.loc 1 167 1 is_stmt 0 view .LVU85
 319 002c EDE7     		b	.L13
 320              	.L18:
 321 002e 00BF     		.align	2
 322              	.L17:
 323 0030 00200240 		.word	1073881088
 324 0034 00440258 		.word	1476543488
 325 0038 00000258 		.word	1476526080
 326 003c 00140258 		.word	1476531200
 327              		.cfi_endproc
 328              	.LFE342:
 330              		.section	.text.HAL_I2C_MspInit,"ax",%progbits
 331              		.align	1
 332              		.global	HAL_I2C_MspInit
 333              		.syntax unified
 334              		.thumb
 335              		.thumb_func
 337              	HAL_I2C_MspInit:
 338              	.LVL17:
 339              	.LFB343:
 168:Core/Src/stm32h7xx_hal_msp.c **** 
 169:Core/Src/stm32h7xx_hal_msp.c **** /**
 170:Core/Src/stm32h7xx_hal_msp.c ****   * @brief I2C MSP Initialization
 171:Core/Src/stm32h7xx_hal_msp.c ****   * This function configures the hardware resources used in this example
 172:Core/Src/stm32h7xx_hal_msp.c ****   * @param hi2c: I2C handle pointer
 173:Core/Src/stm32h7xx_hal_msp.c ****   * @retval None
 174:Core/Src/stm32h7xx_hal_msp.c ****   */
 175:Core/Src/stm32h7xx_hal_msp.c **** void HAL_I2C_MspInit(I2C_HandleTypeDef* hi2c)
 176:Core/Src/stm32h7xx_hal_msp.c **** {
 340              		.loc 1 176 1 is_stmt 1 view -0
 341              		.cfi_startproc
 342              		@ args = 0, pretend = 0, frame = 224
ARM GAS  /tmp/cc7RSqfy.s 			page 11


 343              		@ frame_needed = 0, uses_anonymous_args = 0
 344              		.loc 1 176 1 is_stmt 0 view .LVU87
 345 0000 10B5     		push	{r4, lr}
 346              	.LCFI7:
 347              		.cfi_def_cfa_offset 8
 348              		.cfi_offset 4, -8
 349              		.cfi_offset 14, -4
 350 0002 B8B0     		sub	sp, sp, #224
 351              	.LCFI8:
 352              		.cfi_def_cfa_offset 232
 353 0004 0446     		mov	r4, r0
 177:Core/Src/stm32h7xx_hal_msp.c ****   GPIO_InitTypeDef GPIO_InitStruct = {0};
 354              		.loc 1 177 3 is_stmt 1 view .LVU88
 355              		.loc 1 177 20 is_stmt 0 view .LVU89
 356 0006 0021     		movs	r1, #0
 357 0008 3391     		str	r1, [sp, #204]
 358 000a 3491     		str	r1, [sp, #208]
 359 000c 3591     		str	r1, [sp, #212]
 360 000e 3691     		str	r1, [sp, #216]
 361 0010 3791     		str	r1, [sp, #220]
 178:Core/Src/stm32h7xx_hal_msp.c ****   RCC_PeriphCLKInitTypeDef PeriphClkInitStruct = {0};
 362              		.loc 1 178 3 is_stmt 1 view .LVU90
 363              		.loc 1 178 28 is_stmt 0 view .LVU91
 364 0012 C022     		movs	r2, #192
 365 0014 02A8     		add	r0, sp, #8
 366              	.LVL18:
 367              		.loc 1 178 28 view .LVU92
 368 0016 FFF7FEFF 		bl	memset
 369              	.LVL19:
 179:Core/Src/stm32h7xx_hal_msp.c ****   if(hi2c->Instance==I2C1)
 370              		.loc 1 179 3 is_stmt 1 view .LVU93
 371              		.loc 1 179 10 is_stmt 0 view .LVU94
 372 001a 2268     		ldr	r2, [r4]
 373              		.loc 1 179 5 view .LVU95
 374 001c 1B4B     		ldr	r3, .L25
 375 001e 9A42     		cmp	r2, r3
 376 0020 01D0     		beq	.L23
 377              	.LVL20:
 378              	.L19:
 180:Core/Src/stm32h7xx_hal_msp.c ****   {
 181:Core/Src/stm32h7xx_hal_msp.c ****     /* USER CODE BEGIN I2C1_MspInit 0 */
 182:Core/Src/stm32h7xx_hal_msp.c **** 
 183:Core/Src/stm32h7xx_hal_msp.c ****     /* USER CODE END I2C1_MspInit 0 */
 184:Core/Src/stm32h7xx_hal_msp.c **** 
 185:Core/Src/stm32h7xx_hal_msp.c ****   /** Initializes the peripherals clock
 186:Core/Src/stm32h7xx_hal_msp.c ****   */
 187:Core/Src/stm32h7xx_hal_msp.c ****     PeriphClkInitStruct.PeriphClockSelection = RCC_PERIPHCLK_I2C1;
 188:Core/Src/stm32h7xx_hal_msp.c ****     PeriphClkInitStruct.I2c123ClockSelection = RCC_I2C123CLKSOURCE_D2PCLK1;
 189:Core/Src/stm32h7xx_hal_msp.c ****     if (HAL_RCCEx_PeriphCLKConfig(&PeriphClkInitStruct) != HAL_OK)
 190:Core/Src/stm32h7xx_hal_msp.c ****     {
 191:Core/Src/stm32h7xx_hal_msp.c ****       Error_Handler();
 192:Core/Src/stm32h7xx_hal_msp.c ****     }
 193:Core/Src/stm32h7xx_hal_msp.c **** 
 194:Core/Src/stm32h7xx_hal_msp.c ****     __HAL_RCC_GPIOB_CLK_ENABLE();
 195:Core/Src/stm32h7xx_hal_msp.c ****     /**I2C1 GPIO Configuration
 196:Core/Src/stm32h7xx_hal_msp.c ****     PB6     ------> I2C1_SCL
 197:Core/Src/stm32h7xx_hal_msp.c ****     PB7     ------> I2C1_SDA
ARM GAS  /tmp/cc7RSqfy.s 			page 12


 198:Core/Src/stm32h7xx_hal_msp.c ****     */
 199:Core/Src/stm32h7xx_hal_msp.c ****     GPIO_InitStruct.Pin = GPIO_PIN_6|GPIO_PIN_7;
 200:Core/Src/stm32h7xx_hal_msp.c ****     GPIO_InitStruct.Mode = GPIO_MODE_AF_OD;
 201:Core/Src/stm32h7xx_hal_msp.c ****     GPIO_InitStruct.Pull = GPIO_NOPULL;
 202:Core/Src/stm32h7xx_hal_msp.c ****     GPIO_InitStruct.Speed = GPIO_SPEED_FREQ_LOW;
 203:Core/Src/stm32h7xx_hal_msp.c ****     GPIO_InitStruct.Alternate = GPIO_AF4_I2C1;
 204:Core/Src/stm32h7xx_hal_msp.c ****     HAL_GPIO_Init(GPIOB, &GPIO_InitStruct);
 205:Core/Src/stm32h7xx_hal_msp.c **** 
 206:Core/Src/stm32h7xx_hal_msp.c ****     /* Peripheral clock enable */
 207:Core/Src/stm32h7xx_hal_msp.c ****     __HAL_RCC_I2C1_CLK_ENABLE();
 208:Core/Src/stm32h7xx_hal_msp.c ****     /* USER CODE BEGIN I2C1_MspInit 1 */
 209:Core/Src/stm32h7xx_hal_msp.c **** 
 210:Core/Src/stm32h7xx_hal_msp.c ****     /* USER CODE END I2C1_MspInit 1 */
 211:Core/Src/stm32h7xx_hal_msp.c **** 
 212:Core/Src/stm32h7xx_hal_msp.c ****   }
 213:Core/Src/stm32h7xx_hal_msp.c **** 
 214:Core/Src/stm32h7xx_hal_msp.c **** }
 379              		.loc 1 214 1 view .LVU96
 380 0022 38B0     		add	sp, sp, #224
 381              	.LCFI9:
 382              		.cfi_remember_state
 383              		.cfi_def_cfa_offset 8
 384              		@ sp needed
 385 0024 10BD     		pop	{r4, pc}
 386              	.LVL21:
 387              	.L23:
 388              	.LCFI10:
 389              		.cfi_restore_state
 187:Core/Src/stm32h7xx_hal_msp.c ****     PeriphClkInitStruct.I2c123ClockSelection = RCC_I2C123CLKSOURCE_D2PCLK1;
 390              		.loc 1 187 5 is_stmt 1 view .LVU97
 187:Core/Src/stm32h7xx_hal_msp.c ****     PeriphClkInitStruct.I2c123ClockSelection = RCC_I2C123CLKSOURCE_D2PCLK1;
 391              		.loc 1 187 46 is_stmt 0 view .LVU98
 392 0026 0822     		movs	r2, #8
 393 0028 0023     		movs	r3, #0
 394 002a CDE90223 		strd	r2, [sp, #8]
 188:Core/Src/stm32h7xx_hal_msp.c ****     if (HAL_RCCEx_PeriphCLKConfig(&PeriphClkInitStruct) != HAL_OK)
 395              		.loc 1 188 5 is_stmt 1 view .LVU99
 189:Core/Src/stm32h7xx_hal_msp.c ****     {
 396              		.loc 1 189 5 view .LVU100
 189:Core/Src/stm32h7xx_hal_msp.c ****     {
 397              		.loc 1 189 9 is_stmt 0 view .LVU101
 398 002e 02A8     		add	r0, sp, #8
 399 0030 FFF7FEFF 		bl	HAL_RCCEx_PeriphCLKConfig
 400              	.LVL22:
 189:Core/Src/stm32h7xx_hal_msp.c ****     {
 401              		.loc 1 189 8 discriminator 1 view .LVU102
 402 0034 30BB     		cbnz	r0, .L24
 403              	.L21:
 194:Core/Src/stm32h7xx_hal_msp.c ****     /**I2C1 GPIO Configuration
 404              		.loc 1 194 5 is_stmt 1 view .LVU103
 405              	.LBB6:
 194:Core/Src/stm32h7xx_hal_msp.c ****     /**I2C1 GPIO Configuration
 406              		.loc 1 194 5 view .LVU104
 194:Core/Src/stm32h7xx_hal_msp.c ****     /**I2C1 GPIO Configuration
 407              		.loc 1 194 5 view .LVU105
 408 0036 164C     		ldr	r4, .L25+4
 409              	.LVL23:
ARM GAS  /tmp/cc7RSqfy.s 			page 13


 194:Core/Src/stm32h7xx_hal_msp.c ****     /**I2C1 GPIO Configuration
 410              		.loc 1 194 5 is_stmt 0 view .LVU106
 411 0038 D4F8E030 		ldr	r3, [r4, #224]
 412 003c 43F00203 		orr	r3, r3, #2
 413 0040 C4F8E030 		str	r3, [r4, #224]
 194:Core/Src/stm32h7xx_hal_msp.c ****     /**I2C1 GPIO Configuration
 414              		.loc 1 194 5 is_stmt 1 view .LVU107
 415 0044 D4F8E030 		ldr	r3, [r4, #224]
 416 0048 03F00203 		and	r3, r3, #2
 417 004c 0093     		str	r3, [sp]
 194:Core/Src/stm32h7xx_hal_msp.c ****     /**I2C1 GPIO Configuration
 418              		.loc 1 194 5 view .LVU108
 419 004e 009B     		ldr	r3, [sp]
 420              	.LBE6:
 194:Core/Src/stm32h7xx_hal_msp.c ****     /**I2C1 GPIO Configuration
 421              		.loc 1 194 5 view .LVU109
 199:Core/Src/stm32h7xx_hal_msp.c ****     GPIO_InitStruct.Mode = GPIO_MODE_AF_OD;
 422              		.loc 1 199 5 view .LVU110
 199:Core/Src/stm32h7xx_hal_msp.c ****     GPIO_InitStruct.Mode = GPIO_MODE_AF_OD;
 423              		.loc 1 199 25 is_stmt 0 view .LVU111
 424 0050 C023     		movs	r3, #192
 425 0052 3393     		str	r3, [sp, #204]
 200:Core/Src/stm32h7xx_hal_msp.c ****     GPIO_InitStruct.Pull = GPIO_NOPULL;
 426              		.loc 1 200 5 is_stmt 1 view .LVU112
 200:Core/Src/stm32h7xx_hal_msp.c ****     GPIO_InitStruct.Pull = GPIO_NOPULL;
 427              		.loc 1 200 26 is_stmt 0 view .LVU113
 428 0054 1223     		movs	r3, #18
 429 0056 3493     		str	r3, [sp, #208]
 201:Core/Src/stm32h7xx_hal_msp.c ****     GPIO_InitStruct.Speed = GPIO_SPEED_FREQ_LOW;
 430              		.loc 1 201 5 is_stmt 1 view .LVU114
 201:Core/Src/stm32h7xx_hal_msp.c ****     GPIO_InitStruct.Speed = GPIO_SPEED_FREQ_LOW;
 431              		.loc 1 201 26 is_stmt 0 view .LVU115
 432 0058 0023     		movs	r3, #0
 433 005a 3593     		str	r3, [sp, #212]
 202:Core/Src/stm32h7xx_hal_msp.c ****     GPIO_InitStruct.Alternate = GPIO_AF4_I2C1;
 434              		.loc 1 202 5 is_stmt 1 view .LVU116
 202:Core/Src/stm32h7xx_hal_msp.c ****     GPIO_InitStruct.Alternate = GPIO_AF4_I2C1;
 435              		.loc 1 202 27 is_stmt 0 view .LVU117
 436 005c 3693     		str	r3, [sp, #216]
 203:Core/Src/stm32h7xx_hal_msp.c ****     HAL_GPIO_Init(GPIOB, &GPIO_InitStruct);
 437              		.loc 1 203 5 is_stmt 1 view .LVU118
 203:Core/Src/stm32h7xx_hal_msp.c ****     HAL_GPIO_Init(GPIOB, &GPIO_InitStruct);
 438              		.loc 1 203 31 is_stmt 0 view .LVU119
 439 005e 0423     		movs	r3, #4
 440 0060 3793     		str	r3, [sp, #220]
 204:Core/Src/stm32h7xx_hal_msp.c **** 
 441              		.loc 1 204 5 is_stmt 1 view .LVU120
 442 0062 33A9     		add	r1, sp, #204
 443 0064 0B48     		ldr	r0, .L25+8
 444 0066 FFF7FEFF 		bl	HAL_GPIO_Init
 445              	.LVL24:
 207:Core/Src/stm32h7xx_hal_msp.c ****     /* USER CODE BEGIN I2C1_MspInit 1 */
 446              		.loc 1 207 5 view .LVU121
 447              	.LBB7:
 207:Core/Src/stm32h7xx_hal_msp.c ****     /* USER CODE BEGIN I2C1_MspInit 1 */
 448              		.loc 1 207 5 view .LVU122
 207:Core/Src/stm32h7xx_hal_msp.c ****     /* USER CODE BEGIN I2C1_MspInit 1 */
ARM GAS  /tmp/cc7RSqfy.s 			page 14


 449              		.loc 1 207 5 view .LVU123
 450 006a D4F8E830 		ldr	r3, [r4, #232]
 451 006e 43F40013 		orr	r3, r3, #2097152
 452 0072 C4F8E830 		str	r3, [r4, #232]
 207:Core/Src/stm32h7xx_hal_msp.c ****     /* USER CODE BEGIN I2C1_MspInit 1 */
 453              		.loc 1 207 5 view .LVU124
 454 0076 D4F8E830 		ldr	r3, [r4, #232]
 455 007a 03F40013 		and	r3, r3, #2097152
 456 007e 0193     		str	r3, [sp, #4]
 207:Core/Src/stm32h7xx_hal_msp.c ****     /* USER CODE BEGIN I2C1_MspInit 1 */
 457              		.loc 1 207 5 view .LVU125
 458 0080 019B     		ldr	r3, [sp, #4]
 459              	.LBE7:
 207:Core/Src/stm32h7xx_hal_msp.c ****     /* USER CODE BEGIN I2C1_MspInit 1 */
 460              		.loc 1 207 5 discriminator 1 view .LVU126
 461              		.loc 1 214 1 is_stmt 0 view .LVU127
 462 0082 CEE7     		b	.L19
 463              	.LVL25:
 464              	.L24:
 191:Core/Src/stm32h7xx_hal_msp.c ****     }
 465              		.loc 1 191 7 is_stmt 1 view .LVU128
 466 0084 FFF7FEFF 		bl	Error_Handler
 467              	.LVL26:
 468 0088 D5E7     		b	.L21
 469              	.L26:
 470 008a 00BF     		.align	2
 471              	.L25:
 472 008c 00540040 		.word	1073763328
 473 0090 00440258 		.word	1476543488
 474 0094 00040258 		.word	1476527104
 475              		.cfi_endproc
 476              	.LFE343:
 478              		.section	.text.HAL_I2C_MspDeInit,"ax",%progbits
 479              		.align	1
 480              		.global	HAL_I2C_MspDeInit
 481              		.syntax unified
 482              		.thumb
 483              		.thumb_func
 485              	HAL_I2C_MspDeInit:
 486              	.LVL27:
 487              	.LFB344:
 215:Core/Src/stm32h7xx_hal_msp.c **** 
 216:Core/Src/stm32h7xx_hal_msp.c **** /**
 217:Core/Src/stm32h7xx_hal_msp.c ****   * @brief I2C MSP De-Initialization
 218:Core/Src/stm32h7xx_hal_msp.c ****   * This function freeze the hardware resources used in this example
 219:Core/Src/stm32h7xx_hal_msp.c ****   * @param hi2c: I2C handle pointer
 220:Core/Src/stm32h7xx_hal_msp.c ****   * @retval None
 221:Core/Src/stm32h7xx_hal_msp.c ****   */
 222:Core/Src/stm32h7xx_hal_msp.c **** void HAL_I2C_MspDeInit(I2C_HandleTypeDef* hi2c)
 223:Core/Src/stm32h7xx_hal_msp.c **** {
 488              		.loc 1 223 1 view -0
 489              		.cfi_startproc
 490              		@ args = 0, pretend = 0, frame = 0
 491              		@ frame_needed = 0, uses_anonymous_args = 0
 224:Core/Src/stm32h7xx_hal_msp.c ****   if(hi2c->Instance==I2C1)
 492              		.loc 1 224 3 view .LVU130
 493              		.loc 1 224 10 is_stmt 0 view .LVU131
ARM GAS  /tmp/cc7RSqfy.s 			page 15


 494 0000 0268     		ldr	r2, [r0]
 495              		.loc 1 224 5 view .LVU132
 496 0002 0B4B     		ldr	r3, .L34
 497 0004 9A42     		cmp	r2, r3
 498 0006 00D0     		beq	.L33
 499 0008 7047     		bx	lr
 500              	.L33:
 223:Core/Src/stm32h7xx_hal_msp.c ****   if(hi2c->Instance==I2C1)
 501              		.loc 1 223 1 view .LVU133
 502 000a 10B5     		push	{r4, lr}
 503              	.LCFI11:
 504              		.cfi_def_cfa_offset 8
 505              		.cfi_offset 4, -8
 506              		.cfi_offset 14, -4
 225:Core/Src/stm32h7xx_hal_msp.c ****   {
 226:Core/Src/stm32h7xx_hal_msp.c ****     /* USER CODE BEGIN I2C1_MspDeInit 0 */
 227:Core/Src/stm32h7xx_hal_msp.c **** 
 228:Core/Src/stm32h7xx_hal_msp.c ****     /* USER CODE END I2C1_MspDeInit 0 */
 229:Core/Src/stm32h7xx_hal_msp.c ****     /* Peripheral clock disable */
 230:Core/Src/stm32h7xx_hal_msp.c ****     __HAL_RCC_I2C1_CLK_DISABLE();
 507              		.loc 1 230 5 is_stmt 1 view .LVU134
 508 000c 094A     		ldr	r2, .L34+4
 509 000e D2F8E830 		ldr	r3, [r2, #232]
 510 0012 23F40013 		bic	r3, r3, #2097152
 511 0016 C2F8E830 		str	r3, [r2, #232]
 231:Core/Src/stm32h7xx_hal_msp.c **** 
 232:Core/Src/stm32h7xx_hal_msp.c ****     /**I2C1 GPIO Configuration
 233:Core/Src/stm32h7xx_hal_msp.c ****     PB6     ------> I2C1_SCL
 234:Core/Src/stm32h7xx_hal_msp.c ****     PB7     ------> I2C1_SDA
 235:Core/Src/stm32h7xx_hal_msp.c ****     */
 236:Core/Src/stm32h7xx_hal_msp.c ****     HAL_GPIO_DeInit(GPIOB, GPIO_PIN_6);
 512              		.loc 1 236 5 view .LVU135
 513 001a 074C     		ldr	r4, .L34+8
 514 001c 4021     		movs	r1, #64
 515 001e 2046     		mov	r0, r4
 516              	.LVL28:
 517              		.loc 1 236 5 is_stmt 0 view .LVU136
 518 0020 FFF7FEFF 		bl	HAL_GPIO_DeInit
 519              	.LVL29:
 237:Core/Src/stm32h7xx_hal_msp.c **** 
 238:Core/Src/stm32h7xx_hal_msp.c ****     HAL_GPIO_DeInit(GPIOB, GPIO_PIN_7);
 520              		.loc 1 238 5 is_stmt 1 view .LVU137
 521 0024 8021     		movs	r1, #128
 522 0026 2046     		mov	r0, r4
 523 0028 FFF7FEFF 		bl	HAL_GPIO_DeInit
 524              	.LVL30:
 239:Core/Src/stm32h7xx_hal_msp.c **** 
 240:Core/Src/stm32h7xx_hal_msp.c ****     /* USER CODE BEGIN I2C1_MspDeInit 1 */
 241:Core/Src/stm32h7xx_hal_msp.c **** 
 242:Core/Src/stm32h7xx_hal_msp.c ****     /* USER CODE END I2C1_MspDeInit 1 */
 243:Core/Src/stm32h7xx_hal_msp.c ****   }
 244:Core/Src/stm32h7xx_hal_msp.c **** 
 245:Core/Src/stm32h7xx_hal_msp.c **** }
 525              		.loc 1 245 1 is_stmt 0 view .LVU138
 526 002c 10BD     		pop	{r4, pc}
 527              	.L35:
 528 002e 00BF     		.align	2
ARM GAS  /tmp/cc7RSqfy.s 			page 16


 529              	.L34:
 530 0030 00540040 		.word	1073763328
 531 0034 00440258 		.word	1476543488
 532 0038 00040258 		.word	1476527104
 533              		.cfi_endproc
 534              	.LFE344:
 536              		.section	.text.HAL_TIM_Base_MspInit,"ax",%progbits
 537              		.align	1
 538              		.global	HAL_TIM_Base_MspInit
 539              		.syntax unified
 540              		.thumb
 541              		.thumb_func
 543              	HAL_TIM_Base_MspInit:
 544              	.LVL31:
 545              	.LFB345:
 246:Core/Src/stm32h7xx_hal_msp.c **** 
 247:Core/Src/stm32h7xx_hal_msp.c **** /**
 248:Core/Src/stm32h7xx_hal_msp.c ****   * @brief TIM_Base MSP Initialization
 249:Core/Src/stm32h7xx_hal_msp.c ****   * This function configures the hardware resources used in this example
 250:Core/Src/stm32h7xx_hal_msp.c ****   * @param htim_base: TIM_Base handle pointer
 251:Core/Src/stm32h7xx_hal_msp.c ****   * @retval None
 252:Core/Src/stm32h7xx_hal_msp.c ****   */
 253:Core/Src/stm32h7xx_hal_msp.c **** void HAL_TIM_Base_MspInit(TIM_HandleTypeDef* htim_base)
 254:Core/Src/stm32h7xx_hal_msp.c **** {
 546              		.loc 1 254 1 is_stmt 1 view -0
 547              		.cfi_startproc
 548              		@ args = 0, pretend = 0, frame = 8
 549              		@ frame_needed = 0, uses_anonymous_args = 0
 550              		@ link register save eliminated.
 255:Core/Src/stm32h7xx_hal_msp.c ****   if(htim_base->Instance==TIM2)
 551              		.loc 1 255 3 view .LVU140
 552              		.loc 1 255 15 is_stmt 0 view .LVU141
 553 0000 0368     		ldr	r3, [r0]
 554              		.loc 1 255 5 view .LVU142
 555 0002 B3F1804F 		cmp	r3, #1073741824
 556 0006 00D0     		beq	.L42
 557 0008 7047     		bx	lr
 558              	.L42:
 254:Core/Src/stm32h7xx_hal_msp.c ****   if(htim_base->Instance==TIM2)
 559              		.loc 1 254 1 view .LVU143
 560 000a 82B0     		sub	sp, sp, #8
 561              	.LCFI12:
 562              		.cfi_def_cfa_offset 8
 256:Core/Src/stm32h7xx_hal_msp.c ****   {
 257:Core/Src/stm32h7xx_hal_msp.c ****     /* USER CODE BEGIN TIM2_MspInit 0 */
 258:Core/Src/stm32h7xx_hal_msp.c **** 
 259:Core/Src/stm32h7xx_hal_msp.c ****     /* USER CODE END TIM2_MspInit 0 */
 260:Core/Src/stm32h7xx_hal_msp.c ****     /* Peripheral clock enable */
 261:Core/Src/stm32h7xx_hal_msp.c ****     __HAL_RCC_TIM2_CLK_ENABLE();
 563              		.loc 1 261 5 is_stmt 1 view .LVU144
 564              	.LBB8:
 565              		.loc 1 261 5 view .LVU145
 566              		.loc 1 261 5 view .LVU146
 567 000c 074B     		ldr	r3, .L43
 568 000e D3F8E820 		ldr	r2, [r3, #232]
 569 0012 42F00102 		orr	r2, r2, #1
 570 0016 C3F8E820 		str	r2, [r3, #232]
ARM GAS  /tmp/cc7RSqfy.s 			page 17


 571              		.loc 1 261 5 view .LVU147
 572 001a D3F8E830 		ldr	r3, [r3, #232]
 573 001e 03F00103 		and	r3, r3, #1
 574 0022 0193     		str	r3, [sp, #4]
 575              		.loc 1 261 5 view .LVU148
 576 0024 019B     		ldr	r3, [sp, #4]
 577              	.LBE8:
 578              		.loc 1 261 5 discriminator 1 view .LVU149
 262:Core/Src/stm32h7xx_hal_msp.c ****     /* USER CODE BEGIN TIM2_MspInit 1 */
 263:Core/Src/stm32h7xx_hal_msp.c **** 
 264:Core/Src/stm32h7xx_hal_msp.c ****     /* USER CODE END TIM2_MspInit 1 */
 265:Core/Src/stm32h7xx_hal_msp.c **** 
 266:Core/Src/stm32h7xx_hal_msp.c ****   }
 267:Core/Src/stm32h7xx_hal_msp.c **** 
 268:Core/Src/stm32h7xx_hal_msp.c **** }
 579              		.loc 1 268 1 is_stmt 0 view .LVU150
 580 0026 02B0     		add	sp, sp, #8
 581              	.LCFI13:
 582              		.cfi_def_cfa_offset 0
 583              		@ sp needed
 584 0028 7047     		bx	lr
 585              	.L44:
 586 002a 00BF     		.align	2
 587              	.L43:
 588 002c 00440258 		.word	1476543488
 589              		.cfi_endproc
 590              	.LFE345:
 592              		.section	.text.HAL_TIM_Base_MspDeInit,"ax",%progbits
 593              		.align	1
 594              		.global	HAL_TIM_Base_MspDeInit
 595              		.syntax unified
 596              		.thumb
 597              		.thumb_func
 599              	HAL_TIM_Base_MspDeInit:
 600              	.LVL32:
 601              	.LFB346:
 269:Core/Src/stm32h7xx_hal_msp.c **** 
 270:Core/Src/stm32h7xx_hal_msp.c **** /**
 271:Core/Src/stm32h7xx_hal_msp.c ****   * @brief TIM_Base MSP De-Initialization
 272:Core/Src/stm32h7xx_hal_msp.c ****   * This function freeze the hardware resources used in this example
 273:Core/Src/stm32h7xx_hal_msp.c ****   * @param htim_base: TIM_Base handle pointer
 274:Core/Src/stm32h7xx_hal_msp.c ****   * @retval None
 275:Core/Src/stm32h7xx_hal_msp.c ****   */
 276:Core/Src/stm32h7xx_hal_msp.c **** void HAL_TIM_Base_MspDeInit(TIM_HandleTypeDef* htim_base)
 277:Core/Src/stm32h7xx_hal_msp.c **** {
 602              		.loc 1 277 1 is_stmt 1 view -0
 603              		.cfi_startproc
 604              		@ args = 0, pretend = 0, frame = 0
 605              		@ frame_needed = 0, uses_anonymous_args = 0
 606              		@ link register save eliminated.
 278:Core/Src/stm32h7xx_hal_msp.c ****   if(htim_base->Instance==TIM2)
 607              		.loc 1 278 3 view .LVU152
 608              		.loc 1 278 15 is_stmt 0 view .LVU153
 609 0000 0368     		ldr	r3, [r0]
 610              		.loc 1 278 5 view .LVU154
 611 0002 B3F1804F 		cmp	r3, #1073741824
 612 0006 00D0     		beq	.L47
ARM GAS  /tmp/cc7RSqfy.s 			page 18


 613              	.L45:
 279:Core/Src/stm32h7xx_hal_msp.c ****   {
 280:Core/Src/stm32h7xx_hal_msp.c ****     /* USER CODE BEGIN TIM2_MspDeInit 0 */
 281:Core/Src/stm32h7xx_hal_msp.c **** 
 282:Core/Src/stm32h7xx_hal_msp.c ****     /* USER CODE END TIM2_MspDeInit 0 */
 283:Core/Src/stm32h7xx_hal_msp.c ****     /* Peripheral clock disable */
 284:Core/Src/stm32h7xx_hal_msp.c ****     __HAL_RCC_TIM2_CLK_DISABLE();
 285:Core/Src/stm32h7xx_hal_msp.c ****     /* USER CODE BEGIN TIM2_MspDeInit 1 */
 286:Core/Src/stm32h7xx_hal_msp.c **** 
 287:Core/Src/stm32h7xx_hal_msp.c ****     /* USER CODE END TIM2_MspDeInit 1 */
 288:Core/Src/stm32h7xx_hal_msp.c ****   }
 289:Core/Src/stm32h7xx_hal_msp.c **** 
 290:Core/Src/stm32h7xx_hal_msp.c **** }
 614              		.loc 1 290 1 view .LVU155
 615 0008 7047     		bx	lr
 616              	.L47:
 284:Core/Src/stm32h7xx_hal_msp.c ****     /* USER CODE BEGIN TIM2_MspDeInit 1 */
 617              		.loc 1 284 5 is_stmt 1 view .LVU156
 618 000a 044A     		ldr	r2, .L48
 619 000c D2F8E830 		ldr	r3, [r2, #232]
 620 0010 23F00103 		bic	r3, r3, #1
 621 0014 C2F8E830 		str	r3, [r2, #232]
 622              		.loc 1 290 1 is_stmt 0 view .LVU157
 623 0018 F6E7     		b	.L45
 624              	.L49:
 625 001a 00BF     		.align	2
 626              	.L48:
 627 001c 00440258 		.word	1476543488
 628              		.cfi_endproc
 629              	.LFE346:
 631              		.section	.text.HAL_UART_MspInit,"ax",%progbits
 632              		.align	1
 633              		.global	HAL_UART_MspInit
 634              		.syntax unified
 635              		.thumb
 636              		.thumb_func
 638              	HAL_UART_MspInit:
 639              	.LVL33:
 640              	.LFB347:
 291:Core/Src/stm32h7xx_hal_msp.c **** 
 292:Core/Src/stm32h7xx_hal_msp.c **** /**
 293:Core/Src/stm32h7xx_hal_msp.c ****   * @brief UART MSP Initialization
 294:Core/Src/stm32h7xx_hal_msp.c ****   * This function configures the hardware resources used in this example
 295:Core/Src/stm32h7xx_hal_msp.c ****   * @param huart: UART handle pointer
 296:Core/Src/stm32h7xx_hal_msp.c ****   * @retval None
 297:Core/Src/stm32h7xx_hal_msp.c ****   */
 298:Core/Src/stm32h7xx_hal_msp.c **** void HAL_UART_MspInit(UART_HandleTypeDef* huart)
 299:Core/Src/stm32h7xx_hal_msp.c **** {
 641              		.loc 1 299 1 is_stmt 1 view -0
 642              		.cfi_startproc
 643              		@ args = 0, pretend = 0, frame = 232
 644              		@ frame_needed = 0, uses_anonymous_args = 0
 645              		.loc 1 299 1 is_stmt 0 view .LVU159
 646 0000 70B5     		push	{r4, r5, r6, lr}
 647              	.LCFI14:
 648              		.cfi_def_cfa_offset 16
 649              		.cfi_offset 4, -16
ARM GAS  /tmp/cc7RSqfy.s 			page 19


 650              		.cfi_offset 5, -12
 651              		.cfi_offset 6, -8
 652              		.cfi_offset 14, -4
 653 0002 BAB0     		sub	sp, sp, #232
 654              	.LCFI15:
 655              		.cfi_def_cfa_offset 248
 656 0004 0446     		mov	r4, r0
 300:Core/Src/stm32h7xx_hal_msp.c ****   GPIO_InitTypeDef GPIO_InitStruct = {0};
 657              		.loc 1 300 3 is_stmt 1 view .LVU160
 658              		.loc 1 300 20 is_stmt 0 view .LVU161
 659 0006 0021     		movs	r1, #0
 660 0008 3591     		str	r1, [sp, #212]
 661 000a 3691     		str	r1, [sp, #216]
 662 000c 3791     		str	r1, [sp, #220]
 663 000e 3891     		str	r1, [sp, #224]
 664 0010 3991     		str	r1, [sp, #228]
 301:Core/Src/stm32h7xx_hal_msp.c ****   RCC_PeriphCLKInitTypeDef PeriphClkInitStruct = {0};
 665              		.loc 1 301 3 is_stmt 1 view .LVU162
 666              		.loc 1 301 28 is_stmt 0 view .LVU163
 667 0012 C022     		movs	r2, #192
 668 0014 04A8     		add	r0, sp, #16
 669              	.LVL34:
 670              		.loc 1 301 28 view .LVU164
 671 0016 FFF7FEFF 		bl	memset
 672              	.LVL35:
 302:Core/Src/stm32h7xx_hal_msp.c ****   if(huart->Instance==USART1)
 673              		.loc 1 302 3 is_stmt 1 view .LVU165
 674              		.loc 1 302 11 is_stmt 0 view .LVU166
 675 001a 2268     		ldr	r2, [r4]
 676              		.loc 1 302 5 view .LVU167
 677 001c 284B     		ldr	r3, .L56
 678 001e 9A42     		cmp	r2, r3
 679 0020 01D0     		beq	.L54
 680              	.LVL36:
 681              	.L50:
 303:Core/Src/stm32h7xx_hal_msp.c ****   {
 304:Core/Src/stm32h7xx_hal_msp.c ****     /* USER CODE BEGIN USART1_MspInit 0 */
 305:Core/Src/stm32h7xx_hal_msp.c **** 
 306:Core/Src/stm32h7xx_hal_msp.c ****     /* USER CODE END USART1_MspInit 0 */
 307:Core/Src/stm32h7xx_hal_msp.c **** 
 308:Core/Src/stm32h7xx_hal_msp.c ****   /** Initializes the peripherals clock
 309:Core/Src/stm32h7xx_hal_msp.c ****   */
 310:Core/Src/stm32h7xx_hal_msp.c ****     PeriphClkInitStruct.PeriphClockSelection = RCC_PERIPHCLK_USART1;
 311:Core/Src/stm32h7xx_hal_msp.c ****     PeriphClkInitStruct.Usart16ClockSelection = RCC_USART16CLKSOURCE_D2PCLK2;
 312:Core/Src/stm32h7xx_hal_msp.c ****     if (HAL_RCCEx_PeriphCLKConfig(&PeriphClkInitStruct) != HAL_OK)
 313:Core/Src/stm32h7xx_hal_msp.c ****     {
 314:Core/Src/stm32h7xx_hal_msp.c ****       Error_Handler();
 315:Core/Src/stm32h7xx_hal_msp.c ****     }
 316:Core/Src/stm32h7xx_hal_msp.c **** 
 317:Core/Src/stm32h7xx_hal_msp.c ****     /* Peripheral clock enable */
 318:Core/Src/stm32h7xx_hal_msp.c ****     __HAL_RCC_USART1_CLK_ENABLE();
 319:Core/Src/stm32h7xx_hal_msp.c **** 
 320:Core/Src/stm32h7xx_hal_msp.c ****     __HAL_RCC_GPIOB_CLK_ENABLE();
 321:Core/Src/stm32h7xx_hal_msp.c ****     __HAL_RCC_GPIOA_CLK_ENABLE();
 322:Core/Src/stm32h7xx_hal_msp.c ****     /**USART1 GPIO Configuration
 323:Core/Src/stm32h7xx_hal_msp.c ****     PB15     ------> USART1_RX
 324:Core/Src/stm32h7xx_hal_msp.c ****     PA9     ------> USART1_TX
ARM GAS  /tmp/cc7RSqfy.s 			page 20


 325:Core/Src/stm32h7xx_hal_msp.c ****     */
 326:Core/Src/stm32h7xx_hal_msp.c ****     GPIO_InitStruct.Pin = GPIO_PIN_15;
 327:Core/Src/stm32h7xx_hal_msp.c ****     GPIO_InitStruct.Mode = GPIO_MODE_AF_PP;
 328:Core/Src/stm32h7xx_hal_msp.c ****     GPIO_InitStruct.Pull = GPIO_NOPULL;
 329:Core/Src/stm32h7xx_hal_msp.c ****     GPIO_InitStruct.Speed = GPIO_SPEED_FREQ_LOW;
 330:Core/Src/stm32h7xx_hal_msp.c ****     GPIO_InitStruct.Alternate = GPIO_AF4_USART1;
 331:Core/Src/stm32h7xx_hal_msp.c ****     HAL_GPIO_Init(GPIOB, &GPIO_InitStruct);
 332:Core/Src/stm32h7xx_hal_msp.c **** 
 333:Core/Src/stm32h7xx_hal_msp.c ****     GPIO_InitStruct.Pin = GPIO_PIN_9;
 334:Core/Src/stm32h7xx_hal_msp.c ****     GPIO_InitStruct.Mode = GPIO_MODE_AF_PP;
 335:Core/Src/stm32h7xx_hal_msp.c ****     GPIO_InitStruct.Pull = GPIO_NOPULL;
 336:Core/Src/stm32h7xx_hal_msp.c ****     GPIO_InitStruct.Speed = GPIO_SPEED_FREQ_LOW;
 337:Core/Src/stm32h7xx_hal_msp.c ****     GPIO_InitStruct.Alternate = GPIO_AF7_USART1;
 338:Core/Src/stm32h7xx_hal_msp.c ****     HAL_GPIO_Init(GPIOA, &GPIO_InitStruct);
 339:Core/Src/stm32h7xx_hal_msp.c **** 
 340:Core/Src/stm32h7xx_hal_msp.c ****     /* USER CODE BEGIN USART1_MspInit 1 */
 341:Core/Src/stm32h7xx_hal_msp.c **** 
 342:Core/Src/stm32h7xx_hal_msp.c ****     /* USER CODE END USART1_MspInit 1 */
 343:Core/Src/stm32h7xx_hal_msp.c **** 
 344:Core/Src/stm32h7xx_hal_msp.c ****   }
 345:Core/Src/stm32h7xx_hal_msp.c **** 
 346:Core/Src/stm32h7xx_hal_msp.c **** }
 682              		.loc 1 346 1 view .LVU168
 683 0022 3AB0     		add	sp, sp, #232
 684              	.LCFI16:
 685              		.cfi_remember_state
 686              		.cfi_def_cfa_offset 16
 687              		@ sp needed
 688 0024 70BD     		pop	{r4, r5, r6, pc}
 689              	.LVL37:
 690              	.L54:
 691              	.LCFI17:
 692              		.cfi_restore_state
 310:Core/Src/stm32h7xx_hal_msp.c ****     PeriphClkInitStruct.Usart16ClockSelection = RCC_USART16CLKSOURCE_D2PCLK2;
 693              		.loc 1 310 5 is_stmt 1 view .LVU169
 310:Core/Src/stm32h7xx_hal_msp.c ****     PeriphClkInitStruct.Usart16ClockSelection = RCC_USART16CLKSOURCE_D2PCLK2;
 694              		.loc 1 310 46 is_stmt 0 view .LVU170
 695 0026 0122     		movs	r2, #1
 696 0028 0023     		movs	r3, #0
 697 002a CDE90423 		strd	r2, [sp, #16]
 311:Core/Src/stm32h7xx_hal_msp.c ****     if (HAL_RCCEx_PeriphCLKConfig(&PeriphClkInitStruct) != HAL_OK)
 698              		.loc 1 311 5 is_stmt 1 view .LVU171
 312:Core/Src/stm32h7xx_hal_msp.c ****     {
 699              		.loc 1 312 5 view .LVU172
 312:Core/Src/stm32h7xx_hal_msp.c ****     {
 700              		.loc 1 312 9 is_stmt 0 view .LVU173
 701 002e 04A8     		add	r0, sp, #16
 702 0030 FFF7FEFF 		bl	HAL_RCCEx_PeriphCLKConfig
 703              	.LVL38:
 312:Core/Src/stm32h7xx_hal_msp.c ****     {
 704              		.loc 1 312 8 discriminator 1 view .LVU174
 705 0034 0028     		cmp	r0, #0
 706 0036 40D1     		bne	.L55
 707              	.L52:
 318:Core/Src/stm32h7xx_hal_msp.c **** 
 708              		.loc 1 318 5 is_stmt 1 view .LVU175
 709              	.LBB9:
ARM GAS  /tmp/cc7RSqfy.s 			page 21


 318:Core/Src/stm32h7xx_hal_msp.c **** 
 710              		.loc 1 318 5 view .LVU176
 318:Core/Src/stm32h7xx_hal_msp.c **** 
 711              		.loc 1 318 5 view .LVU177
 712 0038 224B     		ldr	r3, .L56+4
 713 003a D3F8F020 		ldr	r2, [r3, #240]
 714 003e 42F01002 		orr	r2, r2, #16
 715 0042 C3F8F020 		str	r2, [r3, #240]
 318:Core/Src/stm32h7xx_hal_msp.c **** 
 716              		.loc 1 318 5 view .LVU178
 717 0046 D3F8F020 		ldr	r2, [r3, #240]
 718 004a 02F01002 		and	r2, r2, #16
 719 004e 0192     		str	r2, [sp, #4]
 318:Core/Src/stm32h7xx_hal_msp.c **** 
 720              		.loc 1 318 5 view .LVU179
 721 0050 019A     		ldr	r2, [sp, #4]
 722              	.LBE9:
 318:Core/Src/stm32h7xx_hal_msp.c **** 
 723              		.loc 1 318 5 view .LVU180
 320:Core/Src/stm32h7xx_hal_msp.c ****     __HAL_RCC_GPIOA_CLK_ENABLE();
 724              		.loc 1 320 5 view .LVU181
 725              	.LBB10:
 320:Core/Src/stm32h7xx_hal_msp.c ****     __HAL_RCC_GPIOA_CLK_ENABLE();
 726              		.loc 1 320 5 view .LVU182
 320:Core/Src/stm32h7xx_hal_msp.c ****     __HAL_RCC_GPIOA_CLK_ENABLE();
 727              		.loc 1 320 5 view .LVU183
 728 0052 D3F8E020 		ldr	r2, [r3, #224]
 729 0056 42F00202 		orr	r2, r2, #2
 730 005a C3F8E020 		str	r2, [r3, #224]
 320:Core/Src/stm32h7xx_hal_msp.c ****     __HAL_RCC_GPIOA_CLK_ENABLE();
 731              		.loc 1 320 5 view .LVU184
 732 005e D3F8E020 		ldr	r2, [r3, #224]
 733 0062 02F00202 		and	r2, r2, #2
 734 0066 0292     		str	r2, [sp, #8]
 320:Core/Src/stm32h7xx_hal_msp.c ****     __HAL_RCC_GPIOA_CLK_ENABLE();
 735              		.loc 1 320 5 view .LVU185
 736 0068 029A     		ldr	r2, [sp, #8]
 737              	.LBE10:
 320:Core/Src/stm32h7xx_hal_msp.c ****     __HAL_RCC_GPIOA_CLK_ENABLE();
 738              		.loc 1 320 5 view .LVU186
 321:Core/Src/stm32h7xx_hal_msp.c ****     /**USART1 GPIO Configuration
 739              		.loc 1 321 5 view .LVU187
 740              	.LBB11:
 321:Core/Src/stm32h7xx_hal_msp.c ****     /**USART1 GPIO Configuration
 741              		.loc 1 321 5 view .LVU188
 321:Core/Src/stm32h7xx_hal_msp.c ****     /**USART1 GPIO Configuration
 742              		.loc 1 321 5 view .LVU189
 743 006a D3F8E020 		ldr	r2, [r3, #224]
 744 006e 42F00102 		orr	r2, r2, #1
 745 0072 C3F8E020 		str	r2, [r3, #224]
 321:Core/Src/stm32h7xx_hal_msp.c ****     /**USART1 GPIO Configuration
 746              		.loc 1 321 5 view .LVU190
 747 0076 D3F8E030 		ldr	r3, [r3, #224]
 748 007a 03F00103 		and	r3, r3, #1
 749 007e 0393     		str	r3, [sp, #12]
 321:Core/Src/stm32h7xx_hal_msp.c ****     /**USART1 GPIO Configuration
 750              		.loc 1 321 5 view .LVU191
ARM GAS  /tmp/cc7RSqfy.s 			page 22


 751 0080 039B     		ldr	r3, [sp, #12]
 752              	.LBE11:
 321:Core/Src/stm32h7xx_hal_msp.c ****     /**USART1 GPIO Configuration
 753              		.loc 1 321 5 view .LVU192
 326:Core/Src/stm32h7xx_hal_msp.c ****     GPIO_InitStruct.Mode = GPIO_MODE_AF_PP;
 754              		.loc 1 326 5 view .LVU193
 326:Core/Src/stm32h7xx_hal_msp.c ****     GPIO_InitStruct.Mode = GPIO_MODE_AF_PP;
 755              		.loc 1 326 25 is_stmt 0 view .LVU194
 756 0082 4FF40043 		mov	r3, #32768
 757 0086 3593     		str	r3, [sp, #212]
 327:Core/Src/stm32h7xx_hal_msp.c ****     GPIO_InitStruct.Pull = GPIO_NOPULL;
 758              		.loc 1 327 5 is_stmt 1 view .LVU195
 327:Core/Src/stm32h7xx_hal_msp.c ****     GPIO_InitStruct.Pull = GPIO_NOPULL;
 759              		.loc 1 327 26 is_stmt 0 view .LVU196
 760 0088 0226     		movs	r6, #2
 761 008a 3696     		str	r6, [sp, #216]
 328:Core/Src/stm32h7xx_hal_msp.c ****     GPIO_InitStruct.Speed = GPIO_SPEED_FREQ_LOW;
 762              		.loc 1 328 5 is_stmt 1 view .LVU197
 328:Core/Src/stm32h7xx_hal_msp.c ****     GPIO_InitStruct.Speed = GPIO_SPEED_FREQ_LOW;
 763              		.loc 1 328 26 is_stmt 0 view .LVU198
 764 008c 0024     		movs	r4, #0
 765              	.LVL39:
 328:Core/Src/stm32h7xx_hal_msp.c ****     GPIO_InitStruct.Speed = GPIO_SPEED_FREQ_LOW;
 766              		.loc 1 328 26 view .LVU199
 767 008e 3794     		str	r4, [sp, #220]
 329:Core/Src/stm32h7xx_hal_msp.c ****     GPIO_InitStruct.Alternate = GPIO_AF4_USART1;
 768              		.loc 1 329 5 is_stmt 1 view .LVU200
 329:Core/Src/stm32h7xx_hal_msp.c ****     GPIO_InitStruct.Alternate = GPIO_AF4_USART1;
 769              		.loc 1 329 27 is_stmt 0 view .LVU201
 770 0090 3894     		str	r4, [sp, #224]
 330:Core/Src/stm32h7xx_hal_msp.c ****     HAL_GPIO_Init(GPIOB, &GPIO_InitStruct);
 771              		.loc 1 330 5 is_stmt 1 view .LVU202
 330:Core/Src/stm32h7xx_hal_msp.c ****     HAL_GPIO_Init(GPIOB, &GPIO_InitStruct);
 772              		.loc 1 330 31 is_stmt 0 view .LVU203
 773 0092 0423     		movs	r3, #4
 774 0094 3993     		str	r3, [sp, #228]
 331:Core/Src/stm32h7xx_hal_msp.c **** 
 775              		.loc 1 331 5 is_stmt 1 view .LVU204
 776 0096 35AD     		add	r5, sp, #212
 777 0098 2946     		mov	r1, r5
 778 009a 0B48     		ldr	r0, .L56+8
 779 009c FFF7FEFF 		bl	HAL_GPIO_Init
 780              	.LVL40:
 333:Core/Src/stm32h7xx_hal_msp.c ****     GPIO_InitStruct.Mode = GPIO_MODE_AF_PP;
 781              		.loc 1 333 5 view .LVU205
 333:Core/Src/stm32h7xx_hal_msp.c ****     GPIO_InitStruct.Mode = GPIO_MODE_AF_PP;
 782              		.loc 1 333 25 is_stmt 0 view .LVU206
 783 00a0 4FF40073 		mov	r3, #512
 784 00a4 3593     		str	r3, [sp, #212]
 334:Core/Src/stm32h7xx_hal_msp.c ****     GPIO_InitStruct.Pull = GPIO_NOPULL;
 785              		.loc 1 334 5 is_stmt 1 view .LVU207
 334:Core/Src/stm32h7xx_hal_msp.c ****     GPIO_InitStruct.Pull = GPIO_NOPULL;
 786              		.loc 1 334 26 is_stmt 0 view .LVU208
 787 00a6 3696     		str	r6, [sp, #216]
 335:Core/Src/stm32h7xx_hal_msp.c ****     GPIO_InitStruct.Speed = GPIO_SPEED_FREQ_LOW;
 788              		.loc 1 335 5 is_stmt 1 view .LVU209
 335:Core/Src/stm32h7xx_hal_msp.c ****     GPIO_InitStruct.Speed = GPIO_SPEED_FREQ_LOW;
ARM GAS  /tmp/cc7RSqfy.s 			page 23


 789              		.loc 1 335 26 is_stmt 0 view .LVU210
 790 00a8 3794     		str	r4, [sp, #220]
 336:Core/Src/stm32h7xx_hal_msp.c ****     GPIO_InitStruct.Alternate = GPIO_AF7_USART1;
 791              		.loc 1 336 5 is_stmt 1 view .LVU211
 336:Core/Src/stm32h7xx_hal_msp.c ****     GPIO_InitStruct.Alternate = GPIO_AF7_USART1;
 792              		.loc 1 336 27 is_stmt 0 view .LVU212
 793 00aa 3894     		str	r4, [sp, #224]
 337:Core/Src/stm32h7xx_hal_msp.c ****     HAL_GPIO_Init(GPIOA, &GPIO_InitStruct);
 794              		.loc 1 337 5 is_stmt 1 view .LVU213
 337:Core/Src/stm32h7xx_hal_msp.c ****     HAL_GPIO_Init(GPIOA, &GPIO_InitStruct);
 795              		.loc 1 337 31 is_stmt 0 view .LVU214
 796 00ac 0723     		movs	r3, #7
 797 00ae 3993     		str	r3, [sp, #228]
 338:Core/Src/stm32h7xx_hal_msp.c **** 
 798              		.loc 1 338 5 is_stmt 1 view .LVU215
 799 00b0 2946     		mov	r1, r5
 800 00b2 0648     		ldr	r0, .L56+12
 801 00b4 FFF7FEFF 		bl	HAL_GPIO_Init
 802              	.LVL41:
 803              		.loc 1 346 1 is_stmt 0 view .LVU216
 804 00b8 B3E7     		b	.L50
 805              	.LVL42:
 806              	.L55:
 314:Core/Src/stm32h7xx_hal_msp.c ****     }
 807              		.loc 1 314 7 is_stmt 1 view .LVU217
 808 00ba FFF7FEFF 		bl	Error_Handler
 809              	.LVL43:
 810 00be BBE7     		b	.L52
 811              	.L57:
 812              		.align	2
 813              	.L56:
 814 00c0 00100140 		.word	1073811456
 815 00c4 00440258 		.word	1476543488
 816 00c8 00040258 		.word	1476527104
 817 00cc 00000258 		.word	1476526080
 818              		.cfi_endproc
 819              	.LFE347:
 821              		.section	.text.HAL_UART_MspDeInit,"ax",%progbits
 822              		.align	1
 823              		.global	HAL_UART_MspDeInit
 824              		.syntax unified
 825              		.thumb
 826              		.thumb_func
 828              	HAL_UART_MspDeInit:
 829              	.LVL44:
 830              	.LFB348:
 347:Core/Src/stm32h7xx_hal_msp.c **** 
 348:Core/Src/stm32h7xx_hal_msp.c **** /**
 349:Core/Src/stm32h7xx_hal_msp.c ****   * @brief UART MSP De-Initialization
 350:Core/Src/stm32h7xx_hal_msp.c ****   * This function freeze the hardware resources used in this example
 351:Core/Src/stm32h7xx_hal_msp.c ****   * @param huart: UART handle pointer
 352:Core/Src/stm32h7xx_hal_msp.c ****   * @retval None
 353:Core/Src/stm32h7xx_hal_msp.c ****   */
 354:Core/Src/stm32h7xx_hal_msp.c **** void HAL_UART_MspDeInit(UART_HandleTypeDef* huart)
 355:Core/Src/stm32h7xx_hal_msp.c **** {
 831              		.loc 1 355 1 view -0
 832              		.cfi_startproc
ARM GAS  /tmp/cc7RSqfy.s 			page 24


 833              		@ args = 0, pretend = 0, frame = 0
 834              		@ frame_needed = 0, uses_anonymous_args = 0
 835              		.loc 1 355 1 is_stmt 0 view .LVU219
 836 0000 08B5     		push	{r3, lr}
 837              	.LCFI18:
 838              		.cfi_def_cfa_offset 8
 839              		.cfi_offset 3, -8
 840              		.cfi_offset 14, -4
 356:Core/Src/stm32h7xx_hal_msp.c ****   if(huart->Instance==USART1)
 841              		.loc 1 356 3 is_stmt 1 view .LVU220
 842              		.loc 1 356 11 is_stmt 0 view .LVU221
 843 0002 0268     		ldr	r2, [r0]
 844              		.loc 1 356 5 view .LVU222
 845 0004 0A4B     		ldr	r3, .L62
 846 0006 9A42     		cmp	r2, r3
 847 0008 00D0     		beq	.L61
 848              	.LVL45:
 849              	.L58:
 357:Core/Src/stm32h7xx_hal_msp.c ****   {
 358:Core/Src/stm32h7xx_hal_msp.c ****     /* USER CODE BEGIN USART1_MspDeInit 0 */
 359:Core/Src/stm32h7xx_hal_msp.c **** 
 360:Core/Src/stm32h7xx_hal_msp.c ****     /* USER CODE END USART1_MspDeInit 0 */
 361:Core/Src/stm32h7xx_hal_msp.c ****     /* Peripheral clock disable */
 362:Core/Src/stm32h7xx_hal_msp.c ****     __HAL_RCC_USART1_CLK_DISABLE();
 363:Core/Src/stm32h7xx_hal_msp.c **** 
 364:Core/Src/stm32h7xx_hal_msp.c ****     /**USART1 GPIO Configuration
 365:Core/Src/stm32h7xx_hal_msp.c ****     PB15     ------> USART1_RX
 366:Core/Src/stm32h7xx_hal_msp.c ****     PA9     ------> USART1_TX
 367:Core/Src/stm32h7xx_hal_msp.c ****     */
 368:Core/Src/stm32h7xx_hal_msp.c ****     HAL_GPIO_DeInit(GPIOB, GPIO_PIN_15);
 369:Core/Src/stm32h7xx_hal_msp.c **** 
 370:Core/Src/stm32h7xx_hal_msp.c ****     HAL_GPIO_DeInit(GPIOA, GPIO_PIN_9);
 371:Core/Src/stm32h7xx_hal_msp.c **** 
 372:Core/Src/stm32h7xx_hal_msp.c ****     /* USER CODE BEGIN USART1_MspDeInit 1 */
 373:Core/Src/stm32h7xx_hal_msp.c **** 
 374:Core/Src/stm32h7xx_hal_msp.c ****     /* USER CODE END USART1_MspDeInit 1 */
 375:Core/Src/stm32h7xx_hal_msp.c ****   }
 376:Core/Src/stm32h7xx_hal_msp.c **** 
 377:Core/Src/stm32h7xx_hal_msp.c **** }
 850              		.loc 1 377 1 view .LVU223
 851 000a 08BD     		pop	{r3, pc}
 852              	.LVL46:
 853              	.L61:
 362:Core/Src/stm32h7xx_hal_msp.c **** 
 854              		.loc 1 362 5 is_stmt 1 view .LVU224
 855 000c 094A     		ldr	r2, .L62+4
 856 000e D2F8F030 		ldr	r3, [r2, #240]
 857 0012 23F01003 		bic	r3, r3, #16
 858 0016 C2F8F030 		str	r3, [r2, #240]
 368:Core/Src/stm32h7xx_hal_msp.c **** 
 859              		.loc 1 368 5 view .LVU225
 860 001a 4FF40041 		mov	r1, #32768
 861 001e 0648     		ldr	r0, .L62+8
 862              	.LVL47:
 368:Core/Src/stm32h7xx_hal_msp.c **** 
 863              		.loc 1 368 5 is_stmt 0 view .LVU226
 864 0020 FFF7FEFF 		bl	HAL_GPIO_DeInit
ARM GAS  /tmp/cc7RSqfy.s 			page 25


 865              	.LVL48:
 370:Core/Src/stm32h7xx_hal_msp.c **** 
 866              		.loc 1 370 5 is_stmt 1 view .LVU227
 867 0024 4FF40071 		mov	r1, #512
 868 0028 0448     		ldr	r0, .L62+12
 869 002a FFF7FEFF 		bl	HAL_GPIO_DeInit
 870              	.LVL49:
 871              		.loc 1 377 1 is_stmt 0 view .LVU228
 872 002e ECE7     		b	.L58
 873              	.L63:
 874              		.align	2
 875              	.L62:
 876 0030 00100140 		.word	1073811456
 877 0034 00440258 		.word	1476543488
 878 0038 00040258 		.word	1476527104
 879 003c 00000258 		.word	1476526080
 880              		.cfi_endproc
 881              	.LFE348:
 883              		.text
 884              	.Letext0:
 885              		.file 2 "/usr/arm-none-eabi/include/machine/_default_types.h"
 886              		.file 3 "/usr/arm-none-eabi/include/sys/_stdint.h"
 887              		.file 4 "Drivers/CMSIS/Device/ST/STM32H7xx/Include/stm32h753xx.h"
 888              		.file 5 "Drivers/CMSIS/Device/ST/STM32H7xx/Include/stm32h7xx.h"
 889              		.file 6 "Drivers/STM32H7xx_HAL_Driver/Inc/stm32h7xx_hal_def.h"
 890              		.file 7 "Drivers/STM32H7xx_HAL_Driver/Inc/stm32h7xx_hal_rcc_ex.h"
 891              		.file 8 "Drivers/STM32H7xx_HAL_Driver/Inc/stm32h7xx_hal_gpio.h"
 892              		.file 9 "Drivers/STM32H7xx_HAL_Driver/Inc/stm32h7xx_hal_dma.h"
 893              		.file 10 "Drivers/STM32H7xx_HAL_Driver/Inc/stm32h7xx_hal_adc.h"
 894              		.file 11 "Drivers/STM32H7xx_HAL_Driver/Inc/stm32h7xx_hal_i2c.h"
 895              		.file 12 "Drivers/STM32H7xx_HAL_Driver/Inc/stm32h7xx_hal_tim.h"
 896              		.file 13 "Drivers/STM32H7xx_HAL_Driver/Inc/stm32h7xx_hal_uart.h"
 897              		.file 14 "Core/Inc/main.h"
 898              		.file 15 "<built-in>"
ARM GAS  /tmp/cc7RSqfy.s 			page 26


DEFINED SYMBOLS
                            *ABS*:00000000 stm32h7xx_hal_msp.c
     /tmp/cc7RSqfy.s:20     .text.HAL_MspInit:00000000 $t
     /tmp/cc7RSqfy.s:26     .text.HAL_MspInit:00000000 HAL_MspInit
     /tmp/cc7RSqfy.s:61     .text.HAL_MspInit:00000020 $d
     /tmp/cc7RSqfy.s:66     .text.HAL_ADC_MspInit:00000000 $t
     /tmp/cc7RSqfy.s:72     .text.HAL_ADC_MspInit:00000000 HAL_ADC_MspInit
     /tmp/cc7RSqfy.s:261    .text.HAL_ADC_MspInit:000000cc $d
     /tmp/cc7RSqfy.s:269    .text.HAL_ADC_MspDeInit:00000000 $t
     /tmp/cc7RSqfy.s:275    .text.HAL_ADC_MspDeInit:00000000 HAL_ADC_MspDeInit
     /tmp/cc7RSqfy.s:323    .text.HAL_ADC_MspDeInit:00000030 $d
     /tmp/cc7RSqfy.s:331    .text.HAL_I2C_MspInit:00000000 $t
     /tmp/cc7RSqfy.s:337    .text.HAL_I2C_MspInit:00000000 HAL_I2C_MspInit
     /tmp/cc7RSqfy.s:472    .text.HAL_I2C_MspInit:0000008c $d
     /tmp/cc7RSqfy.s:479    .text.HAL_I2C_MspDeInit:00000000 $t
     /tmp/cc7RSqfy.s:485    .text.HAL_I2C_MspDeInit:00000000 HAL_I2C_MspDeInit
     /tmp/cc7RSqfy.s:530    .text.HAL_I2C_MspDeInit:00000030 $d
     /tmp/cc7RSqfy.s:537    .text.HAL_TIM_Base_MspInit:00000000 $t
     /tmp/cc7RSqfy.s:543    .text.HAL_TIM_Base_MspInit:00000000 HAL_TIM_Base_MspInit
     /tmp/cc7RSqfy.s:588    .text.HAL_TIM_Base_MspInit:0000002c $d
     /tmp/cc7RSqfy.s:593    .text.HAL_TIM_Base_MspDeInit:00000000 $t
     /tmp/cc7RSqfy.s:599    .text.HAL_TIM_Base_MspDeInit:00000000 HAL_TIM_Base_MspDeInit
     /tmp/cc7RSqfy.s:627    .text.HAL_TIM_Base_MspDeInit:0000001c $d
     /tmp/cc7RSqfy.s:632    .text.HAL_UART_MspInit:00000000 $t
     /tmp/cc7RSqfy.s:638    .text.HAL_UART_MspInit:00000000 HAL_UART_MspInit
     /tmp/cc7RSqfy.s:814    .text.HAL_UART_MspInit:000000c0 $d
     /tmp/cc7RSqfy.s:822    .text.HAL_UART_MspDeInit:00000000 $t
     /tmp/cc7RSqfy.s:828    .text.HAL_UART_MspDeInit:00000000 HAL_UART_MspDeInit
     /tmp/cc7RSqfy.s:876    .text.HAL_UART_MspDeInit:00000030 $d

UNDEFINED SYMBOLS
memset
HAL_RCCEx_PeriphCLKConfig
HAL_GPIO_Init
Error_Handler
HAL_GPIO_DeInit
